Audit Success,22/10/2025 3:17:04 pm,Microsoft-Windows-Security-Auditing,4624,Logon,"An account was successfully logged on.

Subject:
	Security ID:		SYSTEM
	Account Name:		WIN-V9E96E0LK6Q$
	Account Domain:		WORKGROUP
	Logon ID:		0x3E7

Logon Information:
	Logon Type:		5
	Restricted Admin Mode:	-
	Virtual Account:		No
	Elevated Token:		Yes

Impersonation Level:		Impersonation

New Logon:
	Security ID:		SYSTEM
	Account Name:		SYSTEM
	Account Domain:		NT AUTHORITY
	Logon ID:		0x3E7
	Linked Logon ID:		0x0
	Network Account Name:	-
	Network Account Domain:	-
	Logon GUID:		{00000000-0000-0000-0000-000000000000}

Process Information:
	Process ID:		0x280
	Process Name:		C:\Windows\System32\services.exe

Network Information:
	Workstation Name:	-
	Source Network Address:	-
	Source Port:		-

Detailed Authentication Information:
	Logon Process:		Advapi  
	Authentication Package:	Negotiate
	Transited Services:	-
	Package Name (NTLM only):	-
	Key Length:		0

This event is generated when a logon session is created. It is generated on the computer that was accessed.

The subject fields indicate the account on the local system which requested the logon. This is most commonly a service such as the Server service, or a local process such as Winlogon.exe or Services.exe.

The logon type field indicates the kind of logon that occurred. The most common types are 2 (interactive) and 3 (network).

The New Logon fields indicate the account for whom the new logon was created, i.e. the account that was logged on.

The network fields indicate where a remote logon request originated. Workstation name is not always available and may be left blank in some cases.

The impersonation level field indicates the extent to which a process in the logon session can impersonate.

The authentication information fields provide detailed information about this specific logon request.
	- Logon GUID is a unique identifier that can be used to correlate this event with a KDC event.
	- Transited services indicate which intermediate services have participated in this logon request.
	- Package name indicates which sub-protocol was used among the NTLM protocols.
	- Key length indicates the length of the generated session key. This will be 0 if no session key was requested."
Audit Success,22/10/2025 3:17:04 pm,Microsoft-Windows-Security-Auditing,4672,Special Logon,"Special privileges assigned to new logon.

Subject:
	Security ID:		SYSTEM
	Account Name:		SYSTEM
	Account Domain:		NT AUTHORITY
	Logon ID:		0x3E7

Privileges:		SeAssignPrimaryTokenPrivilege
			SeTcbPrivilege
			SeSecurityPrivilege
			SeTakeOwnershipPrivilege
			SeLoadDriverPrivilege
			SeBackupPrivilege
			SeRestorePrivilege
			SeDebugPrivilege
			SeAuditPrivilege
			SeSystemEnvironmentPrivilege
			SeImpersonatePrivilege
			SeDelegateSessionUserImpersonatePrivilege"
Audit Success,22/10/2025 3:17:06 pm,Microsoft-Windows-Security-Auditing,4728,Security Group Management,"A member was added to a security-enabled global group.

Subject:
	Security ID:		SYSTEM
	Account Name:		WIN-V9E96E0LK6Q$
	Account Domain:		WORKGROUP
	Logon ID:		0x3E7

Member:
	Security ID:		S-1-5-21-4045774015-439033036-4038580180-1000
	Account Name:		-

Group:
	Security ID:		WIN10-1\None
	Group Name:		None
	Group Domain:		DESKTOP-5877OOS

Additional Information:
	Privileges:		-"
Audit Success,22/10/2025 3:17:06 pm,Microsoft-Windows-Security-Auditing,4720,User Account Management,"A user account was created.

Subject:
	Security ID:		SYSTEM
	Account Name:		WIN-V9E96E0LK6Q$
	Account Domain:		WORKGROUP
	Logon ID:		0x3E7

New Account:
	Security ID:		S-1-5-21-4045774015-439033036-4038580180-1000
	Account Name:		defaultuser0
	Account Domain:		DESKTOP-5877OOS

Attributes:
	SAM Account Name:	defaultuser0
	Display Name:		<value not set>
	User Principal Name:	-
	Home Directory:		<value not set>
	Home Drive:		<value not set>
	Script Path:		<value not set>
	Profile Path:		<value not set>
	User Workstations:	<value not set>
	Password Last Set:	<never>
	Account Expires:		<never>
	Primary Group ID:	513
	Allowed To Delegate To:	-
	Old UAC Value:		0x0
	New UAC Value:		0x15
	User Account Control:	
		Account Disabled
		'Password Not Required' - Enabled
		'Normal Account' - Enabled
	User Parameters:	<value not set>
	SID History:		-
	Logon Hours:		All

Additional Information:
	Privileges		-"
Audit Success,22/10/2025 3:17:06 pm,Microsoft-Windows-Security-Auditing,4732,Security Group Management,"A member was added to a security-enabled local group.

Subject:
	Security ID:		SYSTEM
	Account Name:		WIN-V9E96E0LK6Q$
	Account Domain:		WORKGROUP
	Logon ID:		0x3E7

Member:
	Security ID:		S-1-5-21-4045774015-439033036-4038580180-1000
	Account Name:		-

Group:
	Security ID:		BUILTIN\Users
	Group Name:		Users
	Group Domain:		Builtin

Additional Information:
	Privileges:		-"
Audit Success,22/10/2025 3:17:06 pm,Microsoft-Windows-Security-Auditing,4722,User Account Management,"A user account was enabled.

Subject:
	Security ID:		SYSTEM
	Account Name:		WIN-V9E96E0LK6Q$
	Account Domain:		WORKGROUP
	Logon ID:		0x3E7

Target Account:
	Security ID:		S-1-5-21-4045774015-439033036-4038580180-1000
	Account Name:		defaultuser0
	Account Domain:		DESKTOP-5877OOS"
Audit Success,22/10/2025 3:17:06 pm,Microsoft-Windows-Security-Auditing,4738,User Account Management,"A user account was changed.

Subject:
	Security ID:		SYSTEM
	Account Name:		WIN-V9E96E0LK6Q$
	Account Domain:		WORKGROUP
	Logon ID:		0x3E7

Target Account:
	Security ID:		S-1-5-21-4045774015-439033036-4038580180-1000
	Account Name:		defaultuser0
	Account Domain:		DESKTOP-5877OOS

Changed Attributes:
	SAM Account Name:	defaultuser0
	Display Name:		<value not set>
	User Principal Name:	-
	Home Directory:		<value not set>
	Home Drive:		<value not set>
	Script Path:		<value not set>
	Profile Path:		<value not set>
	User Workstations:	<value not set>
	Password Last Set:	<never>
	Account Expires:		<never>
	Primary Group ID:	513
	AllowedToDelegateTo:	-
	Old UAC Value:		0x15
	New UAC Value:		0x14
	User Account Control:	
		Account Enabled
	User Parameters:	<value not set>
	SID History:		-
	Logon Hours:		All

Additional Information:
	Privileges:		-"
Audit Success,22/10/2025 3:17:06 pm,Microsoft-Windows-Security-Auditing,4738,User Account Management,"A user account was changed.

Subject:
	Security ID:		SYSTEM
	Account Name:		WIN-V9E96E0LK6Q$
	Account Domain:		WORKGROUP
	Logon ID:		0x3E7

Target Account:
	Security ID:		S-1-5-21-4045774015-439033036-4038580180-1000
	Account Name:		defaultuser0
	Account Domain:		DESKTOP-5877OOS

Changed Attributes:
	SAM Account Name:	defaultuser0
	Display Name:		<value not set>
	User Principal Name:	-
	Home Directory:		<value not set>
	Home Drive:		<value not set>
	Script Path:		<value not set>
	Profile Path:		<value not set>
	User Workstations:	<value not set>
	Password Last Set:	10/22/2025 3:17:06 PM
	Account Expires:		<never>
	Primary Group ID:	513
	AllowedToDelegateTo:	-
	Old UAC Value:		0x14
	New UAC Value:		0x14
	User Account Control:	-
	User Parameters:	-
	SID History:		-
	Logon Hours:		All

Additional Information:
	Privileges:		-"
Audit Success,22/10/2025 3:17:06 pm,Microsoft-Windows-Security-Auditing,4724,User Account Management,"An attempt was made to reset an account's password.

Subject:
	Security ID:		SYSTEM
	Account Name:		WIN-V9E96E0LK6Q$
	Account Domain:		WORKGROUP
	Logon ID:		0x3E7

Target Account:
	Security ID:		S-1-5-21-4045774015-439033036-4038580180-1000
	Account Name:		defaultuser0
	Account Domain:		DESKTOP-5877OOS"
Audit Success,22/10/2025 3:17:06 pm,Microsoft-Windows-Security-Auditing,4738,User Account Management,"A user account was changed.

Subject:
	Security ID:		SYSTEM
	Account Name:		WIN-V9E96E0LK6Q$
	Account Domain:		WORKGROUP
	Logon ID:		0x3E7

Target Account:
	Security ID:		S-1-5-21-4045774015-439033036-4038580180-1000
	Account Name:		defaultuser0
	Account Domain:		DESKTOP-5877OOS

Changed Attributes:
	SAM Account Name:	defaultuser0
	Display Name:		<value not set>
	User Principal Name:	-
	Home Directory:		<value not set>
	Home Drive:		<value not set>
	Script Path:		<value not set>
	Profile Path:		<value not set>
	User Workstations:	<value not set>
	Password Last Set:	10/22/2025 3:17:06 PM
	Account Expires:		<never>
	Primary Group ID:	513
	AllowedToDelegateTo:	-
	Old UAC Value:		0x14
	New UAC Value:		0x214
	User Account Control:	
		'Don't Expire Password' - Enabled
	User Parameters:	-
	SID History:		-
	Logon Hours:		All

Additional Information:
	Privileges:		-"
Audit Success,22/10/2025 3:17:06 pm,Microsoft-Windows-Security-Auditing,4724,User Account Management,"An attempt was made to reset an account's password.

Subject:
	Security ID:		SYSTEM
	Account Name:		WIN-V9E96E0LK6Q$
	Account Domain:		WORKGROUP
	Logon ID:		0x3E7

Target Account:
	Security ID:		S-1-5-21-4045774015-439033036-4038580180-1000
	Account Name:		defaultuser0
	Account Domain:		DESKTOP-5877OOS"
Audit Success,22/10/2025 3:17:06 pm,Microsoft-Windows-Security-Auditing,4799,Security Group Management,"A security-enabled local group membership was enumerated.

Subject:
	Security ID:		SYSTEM
	Account Name:		WIN-V9E96E0LK6Q$
	Account Domain:		WORKGROUP
	Logon ID:		0x3E7

Group:
	Security ID:		BUILTIN\Administrators
	Group Name:		Administrators
	Group Domain:		Builtin

Process Information:
	Process ID:		0x468
	Process Name:		C:\Windows\System32\oobe\msoobe.exe"
Audit Success,22/10/2025 3:17:06 pm,Microsoft-Windows-Security-Auditing,4799,Security Group Management,"A security-enabled local group membership was enumerated.

Subject:
	Security ID:		SYSTEM
	Account Name:		WIN-V9E96E0LK6Q$
	Account Domain:		WORKGROUP
	Logon ID:		0x3E7

Group:
	Security ID:		BUILTIN\Administrators
	Group Name:		Administrators
	Group Domain:		Builtin

Process Information:
	Process ID:		0x468
	Process Name:		C:\Windows\System32\oobe\msoobe.exe"
Audit Success,22/10/2025 3:17:06 pm,Microsoft-Windows-Security-Auditing,4732,Security Group Management,"A member was added to a security-enabled local group.

Subject:
	Security ID:		SYSTEM
	Account Name:		WIN-V9E96E0LK6Q$
	Account Domain:		WORKGROUP
	Logon ID:		0x3E7

Member:
	Security ID:		S-1-5-21-4045774015-439033036-4038580180-1000
	Account Name:		-

Group:
	Security ID:		BUILTIN\Administrators
	Group Name:		Administrators
	Group Domain:		Builtin

Additional Information:
	Privileges:		-"
Audit Success,22/10/2025 3:17:06 pm,Microsoft-Windows-Security-Auditing,4799,Security Group Management,"A security-enabled local group membership was enumerated.

Subject:
	Security ID:		SYSTEM
	Account Name:		WIN-V9E96E0LK6Q$
	Account Domain:		WORKGROUP
	Logon ID:		0x3E7

Group:
	Security ID:		BUILTIN\Administrators
	Group Name:		Administrators
	Group Domain:		Builtin

Process Information:
	Process ID:		0x468
	Process Name:		C:\Windows\System32\oobe\msoobe.exe"
Audit Success,22/10/2025 3:17:06 pm,Microsoft-Windows-Security-Auditing,4799,Security Group Management,"A security-enabled local group membership was enumerated.

Subject:
	Security ID:		SYSTEM
	Account Name:		WIN-V9E96E0LK6Q$
	Account Domain:		WORKGROUP
	Logon ID:		0x3E7

Group:
	Security ID:		BUILTIN\Administrators
	Group Name:		Administrators
	Group Domain:		Builtin

Process Information:
	Process ID:		0x468
	Process Name:		C:\Windows\System32\oobe\msoobe.exe"
Audit Success,22/10/2025 3:17:06 pm,Microsoft-Windows-Security-Auditing,4648,Logon,"A logon was attempted using explicit credentials.

Subject:
	Security ID:		SYSTEM
	Account Name:		WIN-V9E96E0LK6Q$
	Account Domain:		WORKGROUP
	Logon ID:		0x3E7
	Logon GUID:		{00000000-0000-0000-0000-000000000000}

Account Whose Credentials Were Used:
	Account Name:		defaultuser0
	Account Domain:		DESKTOP-5877OOS
	Logon GUID:		{00000000-0000-0000-0000-000000000000}

Target Server:
	Target Server Name:	localhost
	Additional Information:	localhost

Process Information:
	Process ID:		0x468
	Process Name:		C:\Windows\System32\oobe\msoobe.exe

Network Information:
	Network Address:	-
	Port:			-

This event is generated when a process attempts to log on an account by explicitly specifying that account’s credentials.  This most commonly occurs in batch-type configurations such as scheduled tasks, or when using the RUNAS command."
Audit Success,22/10/2025 3:17:06 pm,Microsoft-Windows-Security-Auditing,4624,Logon,"An account was successfully logged on.

Subject:
	Security ID:		SYSTEM
	Account Name:		WIN-V9E96E0LK6Q$
	Account Domain:		WORKGROUP
	Logon ID:		0x3E7

Logon Information:
	Logon Type:		2
	Restricted Admin Mode:	-
	Virtual Account:		No
	Elevated Token:		Yes

Impersonation Level:		Impersonation

New Logon:
	Security ID:		S-1-5-21-4045774015-439033036-4038580180-1000
	Account Name:		defaultuser0
	Account Domain:		DESKTOP-5877OOS
	Logon ID:		0x1A210
	Linked Logon ID:		0x1A705
	Network Account Name:	-
	Network Account Domain:	-
	Logon GUID:		{00000000-0000-0000-0000-000000000000}

Process Information:
	Process ID:		0x468
	Process Name:		C:\Windows\System32\oobe\msoobe.exe

Network Information:
	Workstation Name:	WIN-V9E96E0LK6Q
	Source Network Address:	-
	Source Port:		-

Detailed Authentication Information:
	Logon Process:		Advapi  
	Authentication Package:	Negotiate
	Transited Services:	-
	Package Name (NTLM only):	-
	Key Length:		0

This event is generated when a logon session is created. It is generated on the computer that was accessed.

The subject fields indicate the account on the local system which requested the logon. This is most commonly a service such as the Server service, or a local process such as Winlogon.exe or Services.exe.

The logon type field indicates the kind of logon that occurred. The most common types are 2 (interactive) and 3 (network).

The New Logon fields indicate the account for whom the new logon was created, i.e. the account that was logged on.

The network fields indicate where a remote logon request originated. Workstation name is not always available and may be left blank in some cases.

The impersonation level field indicates the extent to which a process in the logon session can impersonate.

The authentication information fields provide detailed information about this specific logon request.
	- Logon GUID is a unique identifier that can be used to correlate this event with a KDC event.
	- Transited services indicate which intermediate services have participated in this logon request.
	- Package name indicates which sub-protocol was used among the NTLM protocols.
	- Key length indicates the length of the generated session key. This will be 0 if no session key was requested."
Audit Success,22/10/2025 3:17:06 pm,Microsoft-Windows-Security-Auditing,4624,Logon,"An account was successfully logged on.

Subject:
	Security ID:		SYSTEM
	Account Name:		WIN-V9E96E0LK6Q$
	Account Domain:		WORKGROUP
	Logon ID:		0x3E7

Logon Information:
	Logon Type:		2
	Restricted Admin Mode:	-
	Virtual Account:		No
	Elevated Token:		No

Impersonation Level:		Impersonation

New Logon:
	Security ID:		S-1-5-21-4045774015-439033036-4038580180-1000
	Account Name:		defaultuser0
	Account Domain:		DESKTOP-5877OOS
	Logon ID:		0x1A705
	Linked Logon ID:		0x1A210
	Network Account Name:	-
	Network Account Domain:	-
	Logon GUID:		{00000000-0000-0000-0000-000000000000}

Process Information:
	Process ID:		0x468
	Process Name:		C:\Windows\System32\oobe\msoobe.exe

Network Information:
	Workstation Name:	WIN-V9E96E0LK6Q
	Source Network Address:	-
	Source Port:		-

Detailed Authentication Information:
	Logon Process:		Advapi  
	Authentication Package:	Negotiate
	Transited Services:	-
	Package Name (NTLM only):	-
	Key Length:		0

This event is generated when a logon session is created. It is generated on the computer that was accessed.

The subject fields indicate the account on the local system which requested the logon. This is most commonly a service such as the Server service, or a local process such as Winlogon.exe or Services.exe.

The logon type field indicates the kind of logon that occurred. The most common types are 2 (interactive) and 3 (network).

The New Logon fields indicate the account for whom the new logon was created, i.e. the account that was logged on.

The network fields indicate where a remote logon request originated. Workstation name is not always available and may be left blank in some cases.

The impersonation level field indicates the extent to which a process in the logon session can impersonate.

The authentication information fields provide detailed information about this specific logon request.
	- Logon GUID is a unique identifier that can be used to correlate this event with a KDC event.
	- Transited services indicate which intermediate services have participated in this logon request.
	- Package name indicates which sub-protocol was used among the NTLM protocols.
	- Key length indicates the length of the generated session key. This will be 0 if no session key was requested."
Audit Success,22/10/2025 3:17:06 pm,Microsoft-Windows-Security-Auditing,4672,Special Logon,"Special privileges assigned to new logon.

Subject:
	Security ID:		S-1-5-21-4045774015-439033036-4038580180-1000
	Account Name:		defaultuser0
	Account Domain:		DESKTOP-5877OOS
	Logon ID:		0x1A210

Privileges:		SeSecurityPrivilege
			SeTakeOwnershipPrivilege
			SeLoadDriverPrivilege
			SeBackupPrivilege
			SeRestorePrivilege
			SeDebugPrivilege
			SeSystemEnvironmentPrivilege
			SeImpersonatePrivilege
			SeDelegateSessionUserImpersonatePrivilege"
Audit Success,22/10/2025 3:17:06 pm,Microsoft-Windows-Security-Auditing,5379,User Account Management,"Credential Manager credentials were read.

Subject:
	Security ID:		SYSTEM
	Account Name:		WIN-V9E96E0LK6Q$
	Account Domain:		WORKGROUP
	Logon ID:		0x3E7
	Read Operation:		Enumerate Credentials

This event occurs when a user performs a read operation on stored credentials in Credential Manager."
Audit Success,22/10/2025 3:17:06 pm,Microsoft-Windows-Security-Auditing,5379,User Account Management,"Credential Manager credentials were read.

Subject:
	Security ID:		SYSTEM
	Account Name:		WIN-V9E96E0LK6Q$
	Account Domain:		WORKGROUP
	Logon ID:		0x3E7
	Read Operation:		Enumerate Credentials

This event occurs when a user performs a read operation on stored credentials in Credential Manager."
Audit Success,22/10/2025 3:17:06 pm,Microsoft-Windows-Security-Auditing,5379,User Account Management,"Credential Manager credentials were read.

Subject:
	Security ID:		SYSTEM
	Account Name:		WIN-V9E96E0LK6Q$
	Account Domain:		WORKGROUP
	Logon ID:		0x3E7
	Read Operation:		Enumerate Credentials

This event occurs when a user performs a read operation on stored credentials in Credential Manager."
Audit Success,22/10/2025 3:17:06 pm,Microsoft-Windows-Security-Auditing,4735,Security Group Management,"A security-enabled local group was changed.

Subject:
	Security ID:		SYSTEM
	Account Name:		WIN-V9E96E0LK6Q$
	Account Domain:		WORKGROUP
	Logon ID:		0x3E7

Group:
	Security ID:		BUILTIN\Administrators
	Group Name:		Administrators
	Group Domain:		Builtin

Changed Attributes:
	SAM Account Name:	-
	SID History:		-

Additional Information:
	Privileges:		-"
Audit Success,22/10/2025 3:17:06 pm,Microsoft-Windows-Security-Auditing,4781,User Account Management,"The name of an account was changed:

Subject:
	Security ID:		SYSTEM
	Account Name:		WIN-V9E96E0LK6Q$
	Account Domain:		WORKGROUP
	Logon ID:		0x3E7

Target Account:
	Security ID:		BUILTIN\Administrators
	Account Domain:		Builtin
	Old Account Name:	Administrators
	New Account Name:	Administrators

Additional Information:
	Privileges:		-"
Audit Success,22/10/2025 3:17:06 pm,Microsoft-Windows-Security-Auditing,4735,Security Group Management,"A security-enabled local group was changed.

Subject:
	Security ID:		SYSTEM
	Account Name:		WIN-V9E96E0LK6Q$
	Account Domain:		WORKGROUP
	Logon ID:		0x3E7

Group:
	Security ID:		BUILTIN\Administrators
	Group Name:		Administrators
	Group Domain:		Builtin

Changed Attributes:
	SAM Account Name:	Administrators
	SID History:		-

Additional Information:
	Privileges:		-"
Audit Success,22/10/2025 3:17:06 pm,Microsoft-Windows-Security-Auditing,4735,Security Group Management,"A security-enabled local group was changed.

Subject:
	Security ID:		SYSTEM
	Account Name:		WIN-V9E96E0LK6Q$
	Account Domain:		WORKGROUP
	Logon ID:		0x3E7

Group:
	Security ID:		BUILTIN\Users
	Group Name:		Users
	Group Domain:		Builtin

Changed Attributes:
	SAM Account Name:	-
	SID History:		-

Additional Information:
	Privileges:		-"
Audit Success,22/10/2025 3:17:06 pm,Microsoft-Windows-Security-Auditing,4781,User Account Management,"The name of an account was changed:

Subject:
	Security ID:		SYSTEM
	Account Name:		WIN-V9E96E0LK6Q$
	Account Domain:		WORKGROUP
	Logon ID:		0x3E7

Target Account:
	Security ID:		BUILTIN\Users
	Account Domain:		Builtin
	Old Account Name:	Users
	New Account Name:	Users

Additional Information:
	Privileges:		-"
Audit Success,22/10/2025 3:17:06 pm,Microsoft-Windows-Security-Auditing,4735,Security Group Management,"A security-enabled local group was changed.

Subject:
	Security ID:		SYSTEM
	Account Name:		WIN-V9E96E0LK6Q$
	Account Domain:		WORKGROUP
	Logon ID:		0x3E7

Group:
	Security ID:		BUILTIN\Users
	Group Name:		Users
	Group Domain:		Builtin

Changed Attributes:
	SAM Account Name:	Users
	SID History:		-

Additional Information:
	Privileges:		-"
Audit Success,22/10/2025 3:17:06 pm,Microsoft-Windows-Security-Auditing,4735,Security Group Management,"A security-enabled local group was changed.

Subject:
	Security ID:		SYSTEM
	Account Name:		WIN-V9E96E0LK6Q$
	Account Domain:		WORKGROUP
	Logon ID:		0x3E7

Group:
	Security ID:		BUILTIN\Guests
	Group Name:		Guests
	Group Domain:		Builtin

Changed Attributes:
	SAM Account Name:	-
	SID History:		-

Additional Information:
	Privileges:		-"
Audit Success,22/10/2025 3:17:06 pm,Microsoft-Windows-Security-Auditing,4781,User Account Management,"The name of an account was changed:

Subject:
	Security ID:		SYSTEM
	Account Name:		WIN-V9E96E0LK6Q$
	Account Domain:		WORKGROUP
	Logon ID:		0x3E7

Target Account:
	Security ID:		BUILTIN\Guests
	Account Domain:		Builtin
	Old Account Name:	Guests
	New Account Name:	Guests

Additional Information:
	Privileges:		-"
Audit Success,22/10/2025 3:17:06 pm,Microsoft-Windows-Security-Auditing,4735,Security Group Management,"A security-enabled local group was changed.

Subject:
	Security ID:		SYSTEM
	Account Name:		WIN-V9E96E0LK6Q$
	Account Domain:		WORKGROUP
	Logon ID:		0x3E7

Group:
	Security ID:		BUILTIN\Guests
	Group Name:		Guests
	Group Domain:		Builtin

Changed Attributes:
	SAM Account Name:	Guests
	SID History:		-

Additional Information:
	Privileges:		-"
Audit Success,22/10/2025 3:17:06 pm,Microsoft-Windows-Security-Auditing,4735,Security Group Management,"A security-enabled local group was changed.

Subject:
	Security ID:		SYSTEM
	Account Name:		WIN-V9E96E0LK6Q$
	Account Domain:		WORKGROUP
	Logon ID:		0x3E7

Group:
	Security ID:		BUILTIN\Backup Operators
	Group Name:		Backup Operators
	Group Domain:		Builtin

Changed Attributes:
	SAM Account Name:	-
	SID History:		-

Additional Information:
	Privileges:		-"
Audit Success,22/10/2025 3:17:06 pm,Microsoft-Windows-Security-Auditing,4781,User Account Management,"The name of an account was changed:

Subject:
	Security ID:		SYSTEM
	Account Name:		WIN-V9E96E0LK6Q$
	Account Domain:		WORKGROUP
	Logon ID:		0x3E7

Target Account:
	Security ID:		BUILTIN\Backup Operators
	Account Domain:		Builtin
	Old Account Name:	Backup Operators
	New Account Name:	Backup Operators

Additional Information:
	Privileges:		-"
Audit Success,22/10/2025 3:17:06 pm,Microsoft-Windows-Security-Auditing,4735,Security Group Management,"A security-enabled local group was changed.

Subject:
	Security ID:		SYSTEM
	Account Name:		WIN-V9E96E0LK6Q$
	Account Domain:		WORKGROUP
	Logon ID:		0x3E7

Group:
	Security ID:		BUILTIN\Backup Operators
	Group Name:		Backup Operators
	Group Domain:		Builtin

Changed Attributes:
	SAM Account Name:	Backup Operators
	SID History:		-

Additional Information:
	Privileges:		-"
Audit Success,22/10/2025 3:17:06 pm,Microsoft-Windows-Security-Auditing,4735,Security Group Management,"A security-enabled local group was changed.

Subject:
	Security ID:		SYSTEM
	Account Name:		WIN-V9E96E0LK6Q$
	Account Domain:		WORKGROUP
	Logon ID:		0x3E7

Group:
	Security ID:		BUILTIN\Replicator
	Group Name:		Replicator
	Group Domain:		Builtin

Changed Attributes:
	SAM Account Name:	-
	SID History:		-

Additional Information:
	Privileges:		-"
Audit Success,22/10/2025 3:17:06 pm,Microsoft-Windows-Security-Auditing,4781,User Account Management,"The name of an account was changed:

Subject:
	Security ID:		SYSTEM
	Account Name:		WIN-V9E96E0LK6Q$
	Account Domain:		WORKGROUP
	Logon ID:		0x3E7

Target Account:
	Security ID:		BUILTIN\Replicator
	Account Domain:		Builtin
	Old Account Name:	Replicator
	New Account Name:	Replicator

Additional Information:
	Privileges:		-"
Audit Success,22/10/2025 3:17:06 pm,Microsoft-Windows-Security-Auditing,4735,Security Group Management,"A security-enabled local group was changed.

Subject:
	Security ID:		SYSTEM
	Account Name:		WIN-V9E96E0LK6Q$
	Account Domain:		WORKGROUP
	Logon ID:		0x3E7

Group:
	Security ID:		BUILTIN\Replicator
	Group Name:		Replicator
	Group Domain:		Builtin

Changed Attributes:
	SAM Account Name:	Replicator
	SID History:		-

Additional Information:
	Privileges:		-"
Audit Success,22/10/2025 3:17:06 pm,Microsoft-Windows-Security-Auditing,4735,Security Group Management,"A security-enabled local group was changed.

Subject:
	Security ID:		SYSTEM
	Account Name:		WIN-V9E96E0LK6Q$
	Account Domain:		WORKGROUP
	Logon ID:		0x3E7

Group:
	Security ID:		BUILTIN\Remote Desktop Users
	Group Name:		Remote Desktop Users
	Group Domain:		Builtin

Changed Attributes:
	SAM Account Name:	-
	SID History:		-

Additional Information:
	Privileges:		-"
Audit Success,22/10/2025 3:17:06 pm,Microsoft-Windows-Security-Auditing,4781,User Account Management,"The name of an account was changed:

Subject:
	Security ID:		SYSTEM
	Account Name:		WIN-V9E96E0LK6Q$
	Account Domain:		WORKGROUP
	Logon ID:		0x3E7

Target Account:
	Security ID:		BUILTIN\Remote Desktop Users
	Account Domain:		Builtin
	Old Account Name:	Remote Desktop Users
	New Account Name:	Remote Desktop Users

Additional Information:
	Privileges:		-"
Audit Success,22/10/2025 3:17:06 pm,Microsoft-Windows-Security-Auditing,4735,Security Group Management,"A security-enabled local group was changed.

Subject:
	Security ID:		SYSTEM
	Account Name:		WIN-V9E96E0LK6Q$
	Account Domain:		WORKGROUP
	Logon ID:		0x3E7

Group:
	Security ID:		BUILTIN\Remote Desktop Users
	Group Name:		Remote Desktop Users
	Group Domain:		Builtin

Changed Attributes:
	SAM Account Name:	Remote Desktop Users
	SID History:		-

Additional Information:
	Privileges:		-"
Audit Success,22/10/2025 3:17:06 pm,Microsoft-Windows-Security-Auditing,4735,Security Group Management,"A security-enabled local group was changed.

Subject:
	Security ID:		SYSTEM
	Account Name:		WIN-V9E96E0LK6Q$
	Account Domain:		WORKGROUP
	Logon ID:		0x3E7

Group:
	Security ID:		BUILTIN\Network Configuration Operators
	Group Name:		Network Configuration Operators
	Group Domain:		Builtin

Changed Attributes:
	SAM Account Name:	-
	SID History:		-

Additional Information:
	Privileges:		-"
Audit Success,22/10/2025 3:17:06 pm,Microsoft-Windows-Security-Auditing,4781,User Account Management,"The name of an account was changed:

Subject:
	Security ID:		SYSTEM
	Account Name:		WIN-V9E96E0LK6Q$
	Account Domain:		WORKGROUP
	Logon ID:		0x3E7

Target Account:
	Security ID:		BUILTIN\Network Configuration Operators
	Account Domain:		Builtin
	Old Account Name:	Network Configuration Operators
	New Account Name:	Network Configuration Operators

Additional Information:
	Privileges:		-"
Audit Success,22/10/2025 3:17:06 pm,Microsoft-Windows-Security-Auditing,4735,Security Group Management,"A security-enabled local group was changed.

Subject:
	Security ID:		SYSTEM
	Account Name:		WIN-V9E96E0LK6Q$
	Account Domain:		WORKGROUP
	Logon ID:		0x3E7

Group:
	Security ID:		BUILTIN\Network Configuration Operators
	Group Name:		Network Configuration Operators
	Group Domain:		Builtin

Changed Attributes:
	SAM Account Name:	Network Configuration Operators
	SID History:		-

Additional Information:
	Privileges:		-"
Audit Success,22/10/2025 3:17:06 pm,Microsoft-Windows-Security-Auditing,4735,Security Group Management,"A security-enabled local group was changed.

Subject:
	Security ID:		SYSTEM
	Account Name:		WIN-V9E96E0LK6Q$
	Account Domain:		WORKGROUP
	Logon ID:		0x3E7

Group:
	Security ID:		BUILTIN\Power Users
	Group Name:		Power Users
	Group Domain:		Builtin

Changed Attributes:
	SAM Account Name:	-
	SID History:		-

Additional Information:
	Privileges:		-"
Audit Success,22/10/2025 3:17:06 pm,Microsoft-Windows-Security-Auditing,4781,User Account Management,"The name of an account was changed:

Subject:
	Security ID:		SYSTEM
	Account Name:		WIN-V9E96E0LK6Q$
	Account Domain:		WORKGROUP
	Logon ID:		0x3E7

Target Account:
	Security ID:		BUILTIN\Power Users
	Account Domain:		Builtin
	Old Account Name:	Power Users
	New Account Name:	Power Users

Additional Information:
	Privileges:		-"
Audit Success,22/10/2025 3:17:06 pm,Microsoft-Windows-Security-Auditing,4735,Security Group Management,"A security-enabled local group was changed.

Subject:
	Security ID:		SYSTEM
	Account Name:		WIN-V9E96E0LK6Q$
	Account Domain:		WORKGROUP
	Logon ID:		0x3E7

Group:
	Security ID:		BUILTIN\Power Users
	Group Name:		Power Users
	Group Domain:		Builtin

Changed Attributes:
	SAM Account Name:	Power Users
	SID History:		-

Additional Information:
	Privileges:		-"
Audit Success,22/10/2025 3:17:06 pm,Microsoft-Windows-Security-Auditing,4735,Security Group Management,"A security-enabled local group was changed.

Subject:
	Security ID:		SYSTEM
	Account Name:		WIN-V9E96E0LK6Q$
	Account Domain:		WORKGROUP
	Logon ID:		0x3E7

Group:
	Security ID:		BUILTIN\Performance Monitor Users
	Group Name:		Performance Monitor Users
	Group Domain:		Builtin

Changed Attributes:
	SAM Account Name:	-
	SID History:		-

Additional Information:
	Privileges:		-"
Audit Success,22/10/2025 3:17:06 pm,Microsoft-Windows-Security-Auditing,4781,User Account Management,"The name of an account was changed:

Subject:
	Security ID:		SYSTEM
	Account Name:		WIN-V9E96E0LK6Q$
	Account Domain:		WORKGROUP
	Logon ID:		0x3E7

Target Account:
	Security ID:		BUILTIN\Performance Monitor Users
	Account Domain:		Builtin
	Old Account Name:	Performance Monitor Users
	New Account Name:	Performance Monitor Users

Additional Information:
	Privileges:		-"
Audit Success,22/10/2025 3:17:06 pm,Microsoft-Windows-Security-Auditing,4735,Security Group Management,"A security-enabled local group was changed.

Subject:
	Security ID:		SYSTEM
	Account Name:		WIN-V9E96E0LK6Q$
	Account Domain:		WORKGROUP
	Logon ID:		0x3E7

Group:
	Security ID:		BUILTIN\Performance Monitor Users
	Group Name:		Performance Monitor Users
	Group Domain:		Builtin

Changed Attributes:
	SAM Account Name:	Performance Monitor Users
	SID History:		-

Additional Information:
	Privileges:		-"
Audit Success,22/10/2025 3:17:06 pm,Microsoft-Windows-Security-Auditing,4735,Security Group Management,"A security-enabled local group was changed.

Subject:
	Security ID:		SYSTEM
	Account Name:		WIN-V9E96E0LK6Q$
	Account Domain:		WORKGROUP
	Logon ID:		0x3E7

Group:
	Security ID:		BUILTIN\Performance Log Users
	Group Name:		Performance Log Users
	Group Domain:		Builtin

Changed Attributes:
	SAM Account Name:	-
	SID History:		-

Additional Information:
	Privileges:		-"
Audit Success,22/10/2025 3:17:06 pm,Microsoft-Windows-Security-Auditing,4781,User Account Management,"The name of an account was changed:

Subject:
	Security ID:		SYSTEM
	Account Name:		WIN-V9E96E0LK6Q$
	Account Domain:		WORKGROUP
	Logon ID:		0x3E7

Target Account:
	Security ID:		BUILTIN\Performance Log Users
	Account Domain:		Builtin
	Old Account Name:	Performance Log Users
	New Account Name:	Performance Log Users

Additional Information:
	Privileges:		-"
Audit Success,22/10/2025 3:17:06 pm,Microsoft-Windows-Security-Auditing,4735,Security Group Management,"A security-enabled local group was changed.

Subject:
	Security ID:		SYSTEM
	Account Name:		WIN-V9E96E0LK6Q$
	Account Domain:		WORKGROUP
	Logon ID:		0x3E7

Group:
	Security ID:		BUILTIN\Performance Log Users
	Group Name:		Performance Log Users
	Group Domain:		Builtin

Changed Attributes:
	SAM Account Name:	Performance Log Users
	SID History:		-

Additional Information:
	Privileges:		-"
Audit Success,22/10/2025 3:17:06 pm,Microsoft-Windows-Security-Auditing,4735,Security Group Management,"A security-enabled local group was changed.

Subject:
	Security ID:		SYSTEM
	Account Name:		WIN-V9E96E0LK6Q$
	Account Domain:		WORKGROUP
	Logon ID:		0x3E7

Group:
	Security ID:		BUILTIN\Distributed COM Users
	Group Name:		Distributed COM Users
	Group Domain:		Builtin

Changed Attributes:
	SAM Account Name:	-
	SID History:		-

Additional Information:
	Privileges:		-"
Audit Success,22/10/2025 3:17:06 pm,Microsoft-Windows-Security-Auditing,4781,User Account Management,"The name of an account was changed:

Subject:
	Security ID:		SYSTEM
	Account Name:		WIN-V9E96E0LK6Q$
	Account Domain:		WORKGROUP
	Logon ID:		0x3E7

Target Account:
	Security ID:		BUILTIN\Distributed COM Users
	Account Domain:		Builtin
	Old Account Name:	Distributed COM Users
	New Account Name:	Distributed COM Users

Additional Information:
	Privileges:		-"
Audit Success,22/10/2025 3:17:06 pm,Microsoft-Windows-Security-Auditing,4735,Security Group Management,"A security-enabled local group was changed.

Subject:
	Security ID:		SYSTEM
	Account Name:		WIN-V9E96E0LK6Q$
	Account Domain:		WORKGROUP
	Logon ID:		0x3E7

Group:
	Security ID:		BUILTIN\Distributed COM Users
	Group Name:		Distributed COM Users
	Group Domain:		Builtin

Changed Attributes:
	SAM Account Name:	Distributed COM Users
	SID History:		-

Additional Information:
	Privileges:		-"
Audit Success,22/10/2025 3:17:06 pm,Microsoft-Windows-Security-Auditing,4735,Security Group Management,"A security-enabled local group was changed.

Subject:
	Security ID:		SYSTEM
	Account Name:		WIN-V9E96E0LK6Q$
	Account Domain:		WORKGROUP
	Logon ID:		0x3E7

Group:
	Security ID:		BUILTIN\IIS_IUSRS
	Group Name:		IIS_IUSRS
	Group Domain:		Builtin

Changed Attributes:
	SAM Account Name:	-
	SID History:		-

Additional Information:
	Privileges:		-"
Audit Success,22/10/2025 3:17:06 pm,Microsoft-Windows-Security-Auditing,4781,User Account Management,"The name of an account was changed:

Subject:
	Security ID:		SYSTEM
	Account Name:		WIN-V9E96E0LK6Q$
	Account Domain:		WORKGROUP
	Logon ID:		0x3E7

Target Account:
	Security ID:		BUILTIN\IIS_IUSRS
	Account Domain:		Builtin
	Old Account Name:	IIS_IUSRS
	New Account Name:	IIS_IUSRS

Additional Information:
	Privileges:		-"
Audit Success,22/10/2025 3:17:06 pm,Microsoft-Windows-Security-Auditing,4735,Security Group Management,"A security-enabled local group was changed.

Subject:
	Security ID:		SYSTEM
	Account Name:		WIN-V9E96E0LK6Q$
	Account Domain:		WORKGROUP
	Logon ID:		0x3E7

Group:
	Security ID:		BUILTIN\IIS_IUSRS
	Group Name:		IIS_IUSRS
	Group Domain:		Builtin

Changed Attributes:
	SAM Account Name:	IIS_IUSRS
	SID History:		-

Additional Information:
	Privileges:		-"
Audit Success,22/10/2025 3:17:06 pm,Microsoft-Windows-Security-Auditing,4735,Security Group Management,"A security-enabled local group was changed.

Subject:
	Security ID:		SYSTEM
	Account Name:		WIN-V9E96E0LK6Q$
	Account Domain:		WORKGROUP
	Logon ID:		0x3E7

Group:
	Security ID:		BUILTIN\Cryptographic Operators
	Group Name:		Cryptographic Operators
	Group Domain:		Builtin

Changed Attributes:
	SAM Account Name:	-
	SID History:		-

Additional Information:
	Privileges:		-"
Audit Success,22/10/2025 3:17:06 pm,Microsoft-Windows-Security-Auditing,4781,User Account Management,"The name of an account was changed:

Subject:
	Security ID:		SYSTEM
	Account Name:		WIN-V9E96E0LK6Q$
	Account Domain:		WORKGROUP
	Logon ID:		0x3E7

Target Account:
	Security ID:		BUILTIN\Cryptographic Operators
	Account Domain:		Builtin
	Old Account Name:	Cryptographic Operators
	New Account Name:	Cryptographic Operators

Additional Information:
	Privileges:		-"
Audit Success,22/10/2025 3:17:06 pm,Microsoft-Windows-Security-Auditing,4735,Security Group Management,"A security-enabled local group was changed.

Subject:
	Security ID:		SYSTEM
	Account Name:		WIN-V9E96E0LK6Q$
	Account Domain:		WORKGROUP
	Logon ID:		0x3E7

Group:
	Security ID:		BUILTIN\Cryptographic Operators
	Group Name:		Cryptographic Operators
	Group Domain:		Builtin

Changed Attributes:
	SAM Account Name:	Cryptographic Operators
	SID History:		-

Additional Information:
	Privileges:		-"
Audit Success,22/10/2025 3:17:06 pm,Microsoft-Windows-Security-Auditing,4735,Security Group Management,"A security-enabled local group was changed.

Subject:
	Security ID:		SYSTEM
	Account Name:		WIN-V9E96E0LK6Q$
	Account Domain:		WORKGROUP
	Logon ID:		0x3E7

Group:
	Security ID:		BUILTIN\Event Log Readers
	Group Name:		Event Log Readers
	Group Domain:		Builtin

Changed Attributes:
	SAM Account Name:	-
	SID History:		-

Additional Information:
	Privileges:		-"
Audit Success,22/10/2025 3:17:06 pm,Microsoft-Windows-Security-Auditing,4781,User Account Management,"The name of an account was changed:

Subject:
	Security ID:		SYSTEM
	Account Name:		WIN-V9E96E0LK6Q$
	Account Domain:		WORKGROUP
	Logon ID:		0x3E7

Target Account:
	Security ID:		BUILTIN\Event Log Readers
	Account Domain:		Builtin
	Old Account Name:	Event Log Readers
	New Account Name:	Event Log Readers

Additional Information:
	Privileges:		-"
Audit Success,22/10/2025 3:17:06 pm,Microsoft-Windows-Security-Auditing,4735,Security Group Management,"A security-enabled local group was changed.

Subject:
	Security ID:		SYSTEM
	Account Name:		WIN-V9E96E0LK6Q$
	Account Domain:		WORKGROUP
	Logon ID:		0x3E7

Group:
	Security ID:		BUILTIN\Event Log Readers
	Group Name:		Event Log Readers
	Group Domain:		Builtin

Changed Attributes:
	SAM Account Name:	Event Log Readers
	SID History:		-

Additional Information:
	Privileges:		-"
Audit Success,22/10/2025 3:17:06 pm,Microsoft-Windows-Security-Auditing,4735,Security Group Management,"A security-enabled local group was changed.

Subject:
	Security ID:		SYSTEM
	Account Name:		WIN-V9E96E0LK6Q$
	Account Domain:		WORKGROUP
	Logon ID:		0x3E7

Group:
	Security ID:		BUILTIN\Hyper-V Administrators
	Group Name:		Hyper-V Administrators
	Group Domain:		Builtin

Changed Attributes:
	SAM Account Name:	-
	SID History:		-

Additional Information:
	Privileges:		-"
Audit Success,22/10/2025 3:17:06 pm,Microsoft-Windows-Security-Auditing,4781,User Account Management,"The name of an account was changed:

Subject:
	Security ID:		SYSTEM
	Account Name:		WIN-V9E96E0LK6Q$
	Account Domain:		WORKGROUP
	Logon ID:		0x3E7

Target Account:
	Security ID:		BUILTIN\Hyper-V Administrators
	Account Domain:		Builtin
	Old Account Name:	Hyper-V Administrators
	New Account Name:	Hyper-V Administrators

Additional Information:
	Privileges:		-"
Audit Success,22/10/2025 3:17:06 pm,Microsoft-Windows-Security-Auditing,4735,Security Group Management,"A security-enabled local group was changed.

Subject:
	Security ID:		SYSTEM
	Account Name:		WIN-V9E96E0LK6Q$
	Account Domain:		WORKGROUP
	Logon ID:		0x3E7

Group:
	Security ID:		BUILTIN\Hyper-V Administrators
	Group Name:		Hyper-V Administrators
	Group Domain:		Builtin

Changed Attributes:
	SAM Account Name:	Hyper-V Administrators
	SID History:		-

Additional Information:
	Privileges:		-"
Audit Success,22/10/2025 3:17:06 pm,Microsoft-Windows-Security-Auditing,4735,Security Group Management,"A security-enabled local group was changed.

Subject:
	Security ID:		SYSTEM
	Account Name:		WIN-V9E96E0LK6Q$
	Account Domain:		WORKGROUP
	Logon ID:		0x3E7

Group:
	Security ID:		BUILTIN\Access Control Assistance Operators
	Group Name:		Access Control Assistance Operators
	Group Domain:		Builtin

Changed Attributes:
	SAM Account Name:	-
	SID History:		-

Additional Information:
	Privileges:		-"
Audit Success,22/10/2025 3:17:06 pm,Microsoft-Windows-Security-Auditing,4781,User Account Management,"The name of an account was changed:

Subject:
	Security ID:		SYSTEM
	Account Name:		WIN-V9E96E0LK6Q$
	Account Domain:		WORKGROUP
	Logon ID:		0x3E7

Target Account:
	Security ID:		BUILTIN\Access Control Assistance Operators
	Account Domain:		Builtin
	Old Account Name:	Access Control Assistance Operators
	New Account Name:	Access Control Assistance Operators

Additional Information:
	Privileges:		-"
Audit Success,22/10/2025 3:17:06 pm,Microsoft-Windows-Security-Auditing,4735,Security Group Management,"A security-enabled local group was changed.

Subject:
	Security ID:		SYSTEM
	Account Name:		WIN-V9E96E0LK6Q$
	Account Domain:		WORKGROUP
	Logon ID:		0x3E7

Group:
	Security ID:		BUILTIN\Access Control Assistance Operators
	Group Name:		Access Control Assistance Operators
	Group Domain:		Builtin

Changed Attributes:
	SAM Account Name:	Access Control Assistance Operators
	SID History:		-

Additional Information:
	Privileges:		-"
Audit Success,22/10/2025 3:17:06 pm,Microsoft-Windows-Security-Auditing,4735,Security Group Management,"A security-enabled local group was changed.

Subject:
	Security ID:		SYSTEM
	Account Name:		WIN-V9E96E0LK6Q$
	Account Domain:		WORKGROUP
	Logon ID:		0x3E7

Group:
	Security ID:		BUILTIN\Remote Management Users
	Group Name:		Remote Management Users
	Group Domain:		Builtin

Changed Attributes:
	SAM Account Name:	-
	SID History:		-

Additional Information:
	Privileges:		-"
Audit Success,22/10/2025 3:17:06 pm,Microsoft-Windows-Security-Auditing,4781,User Account Management,"The name of an account was changed:

Subject:
	Security ID:		SYSTEM
	Account Name:		WIN-V9E96E0LK6Q$
	Account Domain:		WORKGROUP
	Logon ID:		0x3E7

Target Account:
	Security ID:		BUILTIN\Remote Management Users
	Account Domain:		Builtin
	Old Account Name:	Remote Management Users
	New Account Name:	Remote Management Users

Additional Information:
	Privileges:		-"
Audit Success,22/10/2025 3:17:06 pm,Microsoft-Windows-Security-Auditing,4735,Security Group Management,"A security-enabled local group was changed.

Subject:
	Security ID:		SYSTEM
	Account Name:		WIN-V9E96E0LK6Q$
	Account Domain:		WORKGROUP
	Logon ID:		0x3E7

Group:
	Security ID:		BUILTIN\Remote Management Users
	Group Name:		Remote Management Users
	Group Domain:		Builtin

Changed Attributes:
	SAM Account Name:	Remote Management Users
	SID History:		-

Additional Information:
	Privileges:		-"
Audit Success,22/10/2025 3:17:06 pm,Microsoft-Windows-Security-Auditing,4735,Security Group Management,"A security-enabled local group was changed.

Subject:
	Security ID:		SYSTEM
	Account Name:		WIN-V9E96E0LK6Q$
	Account Domain:		WORKGROUP
	Logon ID:		0x3E7

Group:
	Security ID:		BUILTIN\System Managed Accounts Group
	Group Name:		System Managed Accounts Group
	Group Domain:		Builtin

Changed Attributes:
	SAM Account Name:	-
	SID History:		-

Additional Information:
	Privileges:		-"
Audit Success,22/10/2025 3:17:06 pm,Microsoft-Windows-Security-Auditing,4781,User Account Management,"The name of an account was changed:

Subject:
	Security ID:		SYSTEM
	Account Name:		WIN-V9E96E0LK6Q$
	Account Domain:		WORKGROUP
	Logon ID:		0x3E7

Target Account:
	Security ID:		BUILTIN\System Managed Accounts Group
	Account Domain:		Builtin
	Old Account Name:	System Managed Accounts Group
	New Account Name:	System Managed Accounts Group

Additional Information:
	Privileges:		-"
Audit Success,22/10/2025 3:17:06 pm,Microsoft-Windows-Security-Auditing,4735,Security Group Management,"A security-enabled local group was changed.

Subject:
	Security ID:		SYSTEM
	Account Name:		WIN-V9E96E0LK6Q$
	Account Domain:		WORKGROUP
	Logon ID:		0x3E7

Group:
	Security ID:		BUILTIN\System Managed Accounts Group
	Group Name:		System Managed Accounts Group
	Group Domain:		Builtin

Changed Attributes:
	SAM Account Name:	System Managed Accounts Group
	SID History:		-

Additional Information:
	Privileges:		-"
Audit Success,22/10/2025 3:17:06 pm,Microsoft-Windows-Security-Auditing,4735,Security Group Management,"A security-enabled local group was changed.

Subject:
	Security ID:		SYSTEM
	Account Name:		WIN-V9E96E0LK6Q$
	Account Domain:		WORKGROUP
	Logon ID:		0x3E7

Group:
	Security ID:		BUILTIN\Device Owners
	Group Name:		Device Owners
	Group Domain:		Builtin

Changed Attributes:
	SAM Account Name:	-
	SID History:		-

Additional Information:
	Privileges:		-"
Audit Success,22/10/2025 3:17:06 pm,Microsoft-Windows-Security-Auditing,4781,User Account Management,"The name of an account was changed:

Subject:
	Security ID:		SYSTEM
	Account Name:		WIN-V9E96E0LK6Q$
	Account Domain:		WORKGROUP
	Logon ID:		0x3E7

Target Account:
	Security ID:		BUILTIN\Device Owners
	Account Domain:		Builtin
	Old Account Name:	Device Owners
	New Account Name:	Device Owners

Additional Information:
	Privileges:		-"
Audit Success,22/10/2025 3:17:06 pm,Microsoft-Windows-Security-Auditing,4735,Security Group Management,"A security-enabled local group was changed.

Subject:
	Security ID:		SYSTEM
	Account Name:		WIN-V9E96E0LK6Q$
	Account Domain:		WORKGROUP
	Logon ID:		0x3E7

Group:
	Security ID:		BUILTIN\Device Owners
	Group Name:		Device Owners
	Group Domain:		Builtin

Changed Attributes:
	SAM Account Name:	Device Owners
	SID History:		-

Additional Information:
	Privileges:		-"
Audit Success,22/10/2025 3:17:06 pm,Microsoft-Windows-Security-Auditing,4738,User Account Management,"A user account was changed.

Subject:
	Security ID:		SYSTEM
	Account Name:		WIN-V9E96E0LK6Q$
	Account Domain:		WORKGROUP
	Logon ID:		0x3E7

Target Account:
	Security ID:		WIN10-1\Administrator
	Account Name:		Administrator
	Account Domain:		DESKTOP-5877OOS

Changed Attributes:
	SAM Account Name:	Administrator
	Display Name:		<value not set>
	User Principal Name:	-
	Home Directory:		<value not set>
	Home Drive:		<value not set>
	Script Path:		<value not set>
	Profile Path:		<value not set>
	User Workstations:	<value not set>
	Password Last Set:	<never>
	Account Expires:		<never>
	Primary Group ID:	513
	AllowedToDelegateTo:	-
	Old UAC Value:		0x211
	New UAC Value:		0x211
	User Account Control:	-
	User Parameters:	<value not set>
	SID History:		-
	Logon Hours:		All

Additional Information:
	Privileges:		-"
Audit Success,22/10/2025 3:17:06 pm,Microsoft-Windows-Security-Auditing,4738,User Account Management,"A user account was changed.

Subject:
	Security ID:		SYSTEM
	Account Name:		WIN-V9E96E0LK6Q$
	Account Domain:		WORKGROUP
	Logon ID:		0x3E7

Target Account:
	Security ID:		WIN10-1\Administrator
	Account Name:		Administrator
	Account Domain:		DESKTOP-5877OOS

Changed Attributes:
	SAM Account Name:	Administrator
	Display Name:		<value not set>
	User Principal Name:	-
	Home Directory:		<value not set>
	Home Drive:		<value not set>
	Script Path:		<value not set>
	Profile Path:		<value not set>
	User Workstations:	<value not set>
	Password Last Set:	<never>
	Account Expires:		<never>
	Primary Group ID:	513
	AllowedToDelegateTo:	-
	Old UAC Value:		0x211
	New UAC Value:		0x211
	User Account Control:	-
	User Parameters:	<value not set>
	SID History:		-
	Logon Hours:		All

Additional Information:
	Privileges:		-"
Audit Success,22/10/2025 3:17:06 pm,Microsoft-Windows-Security-Auditing,4738,User Account Management,"A user account was changed.

Subject:
	Security ID:		SYSTEM
	Account Name:		WIN-V9E96E0LK6Q$
	Account Domain:		WORKGROUP
	Logon ID:		0x3E7

Target Account:
	Security ID:		WIN10-1\Guest
	Account Name:		Guest
	Account Domain:		DESKTOP-5877OOS

Changed Attributes:
	SAM Account Name:	Guest
	Display Name:		<value not set>
	User Principal Name:	-
	Home Directory:		<value not set>
	Home Drive:		<value not set>
	Script Path:		<value not set>
	Profile Path:		<value not set>
	User Workstations:	<value not set>
	Password Last Set:	<never>
	Account Expires:		<never>
	Primary Group ID:	513
	AllowedToDelegateTo:	-
	Old UAC Value:		0x215
	New UAC Value:		0x215
	User Account Control:	-
	User Parameters:	<value not set>
	SID History:		-
	Logon Hours:		All

Additional Information:
	Privileges:		-"
Audit Success,22/10/2025 3:17:06 pm,Microsoft-Windows-Security-Auditing,4738,User Account Management,"A user account was changed.

Subject:
	Security ID:		SYSTEM
	Account Name:		WIN-V9E96E0LK6Q$
	Account Domain:		WORKGROUP
	Logon ID:		0x3E7

Target Account:
	Security ID:		WIN10-1\Guest
	Account Name:		Guest
	Account Domain:		DESKTOP-5877OOS

Changed Attributes:
	SAM Account Name:	Guest
	Display Name:		<value not set>
	User Principal Name:	-
	Home Directory:		<value not set>
	Home Drive:		<value not set>
	Script Path:		<value not set>
	Profile Path:		<value not set>
	User Workstations:	<value not set>
	Password Last Set:	<never>
	Account Expires:		<never>
	Primary Group ID:	513
	AllowedToDelegateTo:	-
	Old UAC Value:		0x215
	New UAC Value:		0x215
	User Account Control:	-
	User Parameters:	<value not set>
	SID History:		-
	Logon Hours:		All

Additional Information:
	Privileges:		-"
Audit Success,22/10/2025 3:17:06 pm,Microsoft-Windows-Security-Auditing,4738,User Account Management,"A user account was changed.

Subject:
	Security ID:		SYSTEM
	Account Name:		WIN-V9E96E0LK6Q$
	Account Domain:		WORKGROUP
	Logon ID:		0x3E7

Target Account:
	Security ID:		WIN10-1\DefaultAccount
	Account Name:		DefaultAccount
	Account Domain:		DESKTOP-5877OOS

Changed Attributes:
	SAM Account Name:	DefaultAccount
	Display Name:		<value not set>
	User Principal Name:	-
	Home Directory:		<value not set>
	Home Drive:		<value not set>
	Script Path:		<value not set>
	Profile Path:		<value not set>
	User Workstations:	<value not set>
	Password Last Set:	<never>
	Account Expires:		<never>
	Primary Group ID:	513
	AllowedToDelegateTo:	-
	Old UAC Value:		0x215
	New UAC Value:		0x215
	User Account Control:	-
	User Parameters:	<value not set>
	SID History:		-
	Logon Hours:		All

Additional Information:
	Privileges:		-"
