Audit Success,22/10/2025 12:27:44 am,Microsoft-Windows-Security-Auditing,5379,User Account Management,"Credential Manager credentials were read.

Subject:
	Security ID:		S-1-5-21-4045774015-439033036-4038580180-1000
	Account Name:		defaultuser0
	Account Domain:		DESKTOP-5877OOS
	Logon ID:		0x41979
	Read Operation:		Enumerate Credentials

This event occurs when a user performs a read operation on stored credentials in Credential Manager."
Audit Success,22/10/2025 12:27:44 am,Microsoft-Windows-Security-Auditing,5379,User Account Management,"Credential Manager credentials were read.

Subject:
	Security ID:		S-1-5-21-4045774015-439033036-4038580180-1000
	Account Name:		defaultuser0
	Account Domain:		DESKTOP-5877OOS
	Logon ID:		0x41979
	Read Operation:		Enumerate Credentials

This event occurs when a user performs a read operation on stored credentials in Credential Manager."
Audit Success,22/10/2025 12:29:29 am,Microsoft-Windows-Security-Auditing,4728,Security Group Management,"A member was added to a security-enabled global group.

Subject:
	Security ID:		SYSTEM
	Account Name:		WIN-V9E96E0LK6Q$
	Account Domain:		WORKGROUP
	Logon ID:		0x3E7

Member:
	Security ID:		WIN10-1\Bob
	Account Name:		-

Group:
	Security ID:		WIN10-1\None
	Group Name:		None
	Group Domain:		DESKTOP-5877OOS

Additional Information:
	Privileges:		-"
Audit Success,22/10/2025 12:29:29 am,Microsoft-Windows-Security-Auditing,4720,User Account Management,"A user account was created.

Subject:
	Security ID:		SYSTEM
	Account Name:		WIN-V9E96E0LK6Q$
	Account Domain:		WORKGROUP
	Logon ID:		0x3E7

New Account:
	Security ID:		WIN10-1\Bob
	Account Name:		Bob
	Account Domain:		DESKTOP-5877OOS

Attributes:
	SAM Account Name:	Bob
	Display Name:		<value not set>
	User Principal Name:	-
	Home Directory:		<value not set>
	Home Drive:		<value not set>
	Script Path:		<value not set>
	Profile Path:		<value not set>
	User Workstations:	<value not set>
	Password Last Set:	<never>
	Account Expires:		<never>
	Primary Group ID:	513
	Allowed To Delegate To:	-
	Old UAC Value:		0x0
	New UAC Value:		0x15
	User Account Control:	
		Account Disabled
		'Password Not Required' - Enabled
		'Normal Account' - Enabled
	User Parameters:	<value not set>
	SID History:		-
	Logon Hours:		All

Additional Information:
	Privileges		-"
Audit Success,22/10/2025 12:29:29 am,Microsoft-Windows-Security-Auditing,4732,Security Group Management,"A member was added to a security-enabled local group.

Subject:
	Security ID:		SYSTEM
	Account Name:		WIN-V9E96E0LK6Q$
	Account Domain:		WORKGROUP
	Logon ID:		0x3E7

Member:
	Security ID:		WIN10-1\Bob
	Account Name:		-

Group:
	Security ID:		BUILTIN\Users
	Group Name:		Users
	Group Domain:		Builtin

Additional Information:
	Privileges:		-"
Audit Success,22/10/2025 12:29:29 am,Microsoft-Windows-Security-Auditing,4722,User Account Management,"A user account was enabled.

Subject:
	Security ID:		SYSTEM
	Account Name:		WIN-V9E96E0LK6Q$
	Account Domain:		WORKGROUP
	Logon ID:		0x3E7

Target Account:
	Security ID:		WIN10-1\Bob
	Account Name:		Bob
	Account Domain:		DESKTOP-5877OOS"
Audit Success,22/10/2025 12:29:29 am,Microsoft-Windows-Security-Auditing,4738,User Account Management,"A user account was changed.

Subject:
	Security ID:		SYSTEM
	Account Name:		WIN-V9E96E0LK6Q$
	Account Domain:		WORKGROUP
	Logon ID:		0x3E7

Target Account:
	Security ID:		WIN10-1\Bob
	Account Name:		Bob
	Account Domain:		DESKTOP-5877OOS

Changed Attributes:
	SAM Account Name:	Bob
	Display Name:		<value not set>
	User Principal Name:	-
	Home Directory:		<value not set>
	Home Drive:		<value not set>
	Script Path:		<value not set>
	Profile Path:		<value not set>
	User Workstations:	<value not set>
	Password Last Set:	<never>
	Account Expires:		<never>
	Primary Group ID:	513
	AllowedToDelegateTo:	-
	Old UAC Value:		0x15
	New UAC Value:		0x14
	User Account Control:	
		Account Enabled
	User Parameters:	<value not set>
	SID History:		-
	Logon Hours:		All

Additional Information:
	Privileges:		-"
Audit Success,22/10/2025 12:29:29 am,Microsoft-Windows-Security-Auditing,4738,User Account Management,"A user account was changed.

Subject:
	Security ID:		SYSTEM
	Account Name:		WIN-V9E96E0LK6Q$
	Account Domain:		WORKGROUP
	Logon ID:		0x3E7

Target Account:
	Security ID:		WIN10-1\Bob
	Account Name:		Bob
	Account Domain:		DESKTOP-5877OOS

Changed Attributes:
	SAM Account Name:	Bob
	Display Name:		<value not set>
	User Principal Name:	-
	Home Directory:		<value not set>
	Home Drive:		<value not set>
	Script Path:		<value not set>
	Profile Path:		<value not set>
	User Workstations:	<value not set>
	Password Last Set:	10/22/2025 12:29:29 AM
	Account Expires:		<never>
	Primary Group ID:	513
	AllowedToDelegateTo:	-
	Old UAC Value:		0x14
	New UAC Value:		0x14
	User Account Control:	-
	User Parameters:	-
	SID History:		-
	Logon Hours:		All

Additional Information:
	Privileges:		-"
Audit Success,22/10/2025 12:29:29 am,Microsoft-Windows-Security-Auditing,4724,User Account Management,"An attempt was made to reset an account's password.

Subject:
	Security ID:		SYSTEM
	Account Name:		WIN-V9E96E0LK6Q$
	Account Domain:		WORKGROUP
	Logon ID:		0x3E7

Target Account:
	Security ID:		WIN10-1\Bob
	Account Name:		Bob
	Account Domain:		DESKTOP-5877OOS"
Audit Success,22/10/2025 12:29:29 am,Microsoft-Windows-Security-Auditing,4738,User Account Management,"A user account was changed.

Subject:
	Security ID:		SYSTEM
	Account Name:		WIN-V9E96E0LK6Q$
	Account Domain:		WORKGROUP
	Logon ID:		0x3E7

Target Account:
	Security ID:		WIN10-1\Bob
	Account Name:		Bob
	Account Domain:		DESKTOP-5877OOS

Changed Attributes:
	SAM Account Name:	Bob
	Display Name:		<value not set>
	User Principal Name:	-
	Home Directory:		<value not set>
	Home Drive:		<value not set>
	Script Path:		<value not set>
	Profile Path:		<value not set>
	User Workstations:	<value not set>
	Password Last Set:	10/22/2025 12:29:29 AM
	Account Expires:		<never>
	Primary Group ID:	513
	AllowedToDelegateTo:	-
	Old UAC Value:		0x14
	New UAC Value:		0x214
	User Account Control:	
		'Don't Expire Password' - Enabled
	User Parameters:	-
	SID History:		-
	Logon Hours:		All

Additional Information:
	Privileges:		-"
Audit Success,22/10/2025 12:29:29 am,Microsoft-Windows-Security-Auditing,4724,User Account Management,"An attempt was made to reset an account's password.

Subject:
	Security ID:		SYSTEM
	Account Name:		WIN-V9E96E0LK6Q$
	Account Domain:		WORKGROUP
	Logon ID:		0x3E7

Target Account:
	Security ID:		WIN10-1\Bob
	Account Name:		Bob
	Account Domain:		DESKTOP-5877OOS"
Audit Success,22/10/2025 12:29:29 am,Microsoft-Windows-Security-Auditing,4799,Security Group Management,"A security-enabled local group membership was enumerated.

Subject:
	Security ID:		SYSTEM
	Account Name:		WIN-V9E96E0LK6Q$
	Account Domain:		WORKGROUP
	Logon ID:		0x3E7

Group:
	Security ID:		BUILTIN\Administrators
	Group Name:		Administrators
	Group Domain:		Builtin

Process Information:
	Process ID:		0xddc
	Process Name:		C:\Windows\System32\CloudExperienceHostBroker.exe"
Audit Success,22/10/2025 12:29:29 am,Microsoft-Windows-Security-Auditing,4799,Security Group Management,"A security-enabled local group membership was enumerated.

Subject:
	Security ID:		SYSTEM
	Account Name:		WIN-V9E96E0LK6Q$
	Account Domain:		WORKGROUP
	Logon ID:		0x3E7

Group:
	Security ID:		BUILTIN\Administrators
	Group Name:		Administrators
	Group Domain:		Builtin

Process Information:
	Process ID:		0xddc
	Process Name:		C:\Windows\System32\CloudExperienceHostBroker.exe"
Audit Success,22/10/2025 12:29:29 am,Microsoft-Windows-Security-Auditing,4732,Security Group Management,"A member was added to a security-enabled local group.

Subject:
	Security ID:		SYSTEM
	Account Name:		WIN-V9E96E0LK6Q$
	Account Domain:		WORKGROUP
	Logon ID:		0x3E7

Member:
	Security ID:		WIN10-1\Bob
	Account Name:		-

Group:
	Security ID:		BUILTIN\Administrators
	Group Name:		Administrators
	Group Domain:		Builtin

Additional Information:
	Privileges:		-"
Audit Success,22/10/2025 12:29:29 am,Microsoft-Windows-Security-Auditing,4799,Security Group Management,"A security-enabled local group membership was enumerated.

Subject:
	Security ID:		SYSTEM
	Account Name:		WIN-V9E96E0LK6Q$
	Account Domain:		WORKGROUP
	Logon ID:		0x3E7

Group:
	Security ID:		BUILTIN\Administrators
	Group Name:		Administrators
	Group Domain:		Builtin

Process Information:
	Process ID:		0xddc
	Process Name:		C:\Windows\System32\CloudExperienceHostBroker.exe"
Audit Success,22/10/2025 12:29:29 am,Microsoft-Windows-Security-Auditing,4799,Security Group Management,"A security-enabled local group membership was enumerated.

Subject:
	Security ID:		SYSTEM
	Account Name:		WIN-V9E96E0LK6Q$
	Account Domain:		WORKGROUP
	Logon ID:		0x3E7

Group:
	Security ID:		BUILTIN\Administrators
	Group Name:		Administrators
	Group Domain:		Builtin

Process Information:
	Process ID:		0xddc
	Process Name:		C:\Windows\System32\CloudExperienceHostBroker.exe"
Audit Success,22/10/2025 12:29:29 am,Microsoft-Windows-Security-Auditing,4799,Security Group Management,"A security-enabled local group membership was enumerated.

Subject:
	Security ID:		SYSTEM
	Account Name:		WIN-V9E96E0LK6Q$
	Account Domain:		WORKGROUP
	Logon ID:		0x3E7

Group:
	Security ID:		BUILTIN\Users
	Group Name:		Users
	Group Domain:		Builtin

Process Information:
	Process ID:		0xddc
	Process Name:		C:\Windows\System32\CloudExperienceHostBroker.exe"
Audit Success,22/10/2025 12:29:29 am,Microsoft-Windows-Security-Auditing,4799,Security Group Management,"A security-enabled local group membership was enumerated.

Subject:
	Security ID:		SYSTEM
	Account Name:		WIN-V9E96E0LK6Q$
	Account Domain:		WORKGROUP
	Logon ID:		0x3E7

Group:
	Security ID:		BUILTIN\Users
	Group Name:		Users
	Group Domain:		Builtin

Process Information:
	Process ID:		0xddc
	Process Name:		C:\Windows\System32\CloudExperienceHostBroker.exe"
Audit Success,22/10/2025 12:29:29 am,Microsoft-Windows-Security-Auditing,4799,Security Group Management,"A security-enabled local group membership was enumerated.

Subject:
	Security ID:		SYSTEM
	Account Name:		WIN-V9E96E0LK6Q$
	Account Domain:		WORKGROUP
	Logon ID:		0x3E7

Group:
	Security ID:		BUILTIN\Users
	Group Name:		Users
	Group Domain:		Builtin

Process Information:
	Process ID:		0xddc
	Process Name:		C:\Windows\System32\CloudExperienceHostBroker.exe"
Audit Success,22/10/2025 12:29:29 am,Microsoft-Windows-Security-Auditing,4733,Security Group Management,"A member was removed from a security-enabled local group.

Subject:
	Security ID:		SYSTEM
	Account Name:		WIN-V9E96E0LK6Q$
	Account Domain:		WORKGROUP
	Logon ID:		0x3E7

Member:
	Security ID:		WIN10-1\Bob
	Account Name:		-

Group:
	Security ID:		BUILTIN\Users
	Group Name:		Users
	Group Domain:		Builtin

Additional Information:
	Privileges:		-"
Audit Success,22/10/2025 12:29:29 am,Microsoft-Windows-Security-Auditing,4799,Security Group Management,"A security-enabled local group membership was enumerated.

Subject:
	Security ID:		SYSTEM
	Account Name:		WIN-V9E96E0LK6Q$
	Account Domain:		WORKGROUP
	Logon ID:		0x3E7

Group:
	Security ID:		BUILTIN\Users
	Group Name:		Users
	Group Domain:		Builtin

Process Information:
	Process ID:		0xddc
	Process Name:		C:\Windows\System32\CloudExperienceHostBroker.exe"
Audit Success,22/10/2025 12:29:29 am,Microsoft-Windows-Security-Auditing,4799,Security Group Management,"A security-enabled local group membership was enumerated.

Subject:
	Security ID:		SYSTEM
	Account Name:		WIN-V9E96E0LK6Q$
	Account Domain:		WORKGROUP
	Logon ID:		0x3E7

Group:
	Security ID:		BUILTIN\Users
	Group Name:		Users
	Group Domain:		Builtin

Process Information:
	Process ID:		0xddc
	Process Name:		C:\Windows\System32\CloudExperienceHostBroker.exe"
Audit Success,22/10/2025 12:29:29 am,Microsoft-Windows-Security-Auditing,4738,User Account Management,"A user account was changed.

Subject:
	Security ID:		SYSTEM
	Account Name:		WIN-V9E96E0LK6Q$
	Account Domain:		WORKGROUP
	Logon ID:		0x3E7

Target Account:
	Security ID:		WIN10-1\Bob
	Account Name:		Bob
	Account Domain:		DESKTOP-5877OOS

Changed Attributes:
	SAM Account Name:	-
	Display Name:		-
	User Principal Name:	-
	Home Directory:		-
	Home Drive:		-
	Script Path:		-
	Profile Path:		-
	User Workstations:	-
	Password Last Set:	-
	Account Expires:		-
	Primary Group ID:	-
	AllowedToDelegateTo:	-
	Old UAC Value:		-
	New UAC Value:		-
	User Account Control:	-
	User Parameters:	-
	SID History:		-
	Logon Hours:		-

Additional Information:
	Privileges:		-"
Audit Success,22/10/2025 12:29:30 am,Microsoft-Windows-Security-Auditing,4648,Logon,"A logon was attempted using explicit credentials.

Subject:
	Security ID:		S-1-5-21-4045774015-439033036-4038580180-1000
	Account Name:		defaultuser0
	Account Domain:		DESKTOP-5877OOS
	Logon ID:		0x41979
	Logon GUID:		{00000000-0000-0000-0000-000000000000}

Account Whose Credentials Were Used:
	Account Name:		Bob
	Account Domain:		DESKTOP-5877OOS
	Logon GUID:		{00000000-0000-0000-0000-000000000000}

Target Server:
	Target Server Name:	localhost
	Additional Information:	localhost

Process Information:
	Process ID:		0xddc
	Process Name:		C:\Windows\System32\CloudExperienceHostBroker.exe

Network Information:
	Network Address:	-
	Port:			-

This event is generated when a process attempts to log on an account by explicitly specifying that account’s credentials.  This most commonly occurs in batch-type configurations such as scheduled tasks, or when using the RUNAS command."
Audit Success,22/10/2025 12:29:30 am,Microsoft-Windows-Security-Auditing,4624,Logon,"An account was successfully logged on.

Subject:
	Security ID:		S-1-5-21-4045774015-439033036-4038580180-1000
	Account Name:		defaultuser0
	Account Domain:		DESKTOP-5877OOS
	Logon ID:		0x41979

Logon Information:
	Logon Type:		2
	Restricted Admin Mode:	-
	Virtual Account:		No
	Elevated Token:		Yes

Impersonation Level:		Impersonation

New Logon:
	Security ID:		WIN10-1\Bob
	Account Name:		Bob
	Account Domain:		DESKTOP-5877OOS
	Logon ID:		0x260FA4
	Linked Logon ID:		0x260FC7
	Network Account Name:	-
	Network Account Domain:	-
	Logon GUID:		{00000000-0000-0000-0000-000000000000}

Process Information:
	Process ID:		0xddc
	Process Name:		C:\Windows\System32\CloudExperienceHostBroker.exe

Network Information:
	Workstation Name:	WIN-V9E96E0LK6Q
	Source Network Address:	-
	Source Port:		-

Detailed Authentication Information:
	Logon Process:		OOBE
	Authentication Package:	Negotiate
	Transited Services:	-
	Package Name (NTLM only):	-
	Key Length:		0

This event is generated when a logon session is created. It is generated on the computer that was accessed.

The subject fields indicate the account on the local system which requested the logon. This is most commonly a service such as the Server service, or a local process such as Winlogon.exe or Services.exe.

The logon type field indicates the kind of logon that occurred. The most common types are 2 (interactive) and 3 (network).

The New Logon fields indicate the account for whom the new logon was created, i.e. the account that was logged on.

The network fields indicate where a remote logon request originated. Workstation name is not always available and may be left blank in some cases.

The impersonation level field indicates the extent to which a process in the logon session can impersonate.

The authentication information fields provide detailed information about this specific logon request.
	- Logon GUID is a unique identifier that can be used to correlate this event with a KDC event.
	- Transited services indicate which intermediate services have participated in this logon request.
	- Package name indicates which sub-protocol was used among the NTLM protocols.
	- Key length indicates the length of the generated session key. This will be 0 if no session key was requested."
Audit Success,22/10/2025 12:29:30 am,Microsoft-Windows-Security-Auditing,4624,Logon,"An account was successfully logged on.

Subject:
	Security ID:		S-1-5-21-4045774015-439033036-4038580180-1000
	Account Name:		defaultuser0
	Account Domain:		DESKTOP-5877OOS
	Logon ID:		0x41979

Logon Information:
	Logon Type:		2
	Restricted Admin Mode:	-
	Virtual Account:		No
	Elevated Token:		No

Impersonation Level:		Impersonation

New Logon:
	Security ID:		WIN10-1\Bob
	Account Name:		Bob
	Account Domain:		DESKTOP-5877OOS
	Logon ID:		0x260FC7
	Linked Logon ID:		0x260FA4
	Network Account Name:	-
	Network Account Domain:	-
	Logon GUID:		{00000000-0000-0000-0000-000000000000}

Process Information:
	Process ID:		0xddc
	Process Name:		C:\Windows\System32\CloudExperienceHostBroker.exe

Network Information:
	Workstation Name:	WIN-V9E96E0LK6Q
	Source Network Address:	-
	Source Port:		-

Detailed Authentication Information:
	Logon Process:		OOBE
	Authentication Package:	Negotiate
	Transited Services:	-
	Package Name (NTLM only):	-
	Key Length:		0

This event is generated when a logon session is created. It is generated on the computer that was accessed.

The subject fields indicate the account on the local system which requested the logon. This is most commonly a service such as the Server service, or a local process such as Winlogon.exe or Services.exe.

The logon type field indicates the kind of logon that occurred. The most common types are 2 (interactive) and 3 (network).

The New Logon fields indicate the account for whom the new logon was created, i.e. the account that was logged on.

The network fields indicate where a remote logon request originated. Workstation name is not always available and may be left blank in some cases.

The impersonation level field indicates the extent to which a process in the logon session can impersonate.

The authentication information fields provide detailed information about this specific logon request.
	- Logon GUID is a unique identifier that can be used to correlate this event with a KDC event.
	- Transited services indicate which intermediate services have participated in this logon request.
	- Package name indicates which sub-protocol was used among the NTLM protocols.
	- Key length indicates the length of the generated session key. This will be 0 if no session key was requested."
Audit Success,22/10/2025 12:29:30 am,Microsoft-Windows-Security-Auditing,4672,Special Logon,"Special privileges assigned to new logon.

Subject:
	Security ID:		WIN10-1\Bob
	Account Name:		Bob
	Account Domain:		DESKTOP-5877OOS
	Logon ID:		0x260FA4

Privileges:		SeSecurityPrivilege
			SeTakeOwnershipPrivilege
			SeLoadDriverPrivilege
			SeBackupPrivilege
			SeRestorePrivilege
			SeDebugPrivilege
			SeSystemEnvironmentPrivilege
			SeImpersonatePrivilege
			SeDelegateSessionUserImpersonatePrivilege"
Audit Success,22/10/2025 12:29:31 am,Microsoft-Windows-Security-Auditing,4799,Security Group Management,"A security-enabled local group membership was enumerated.

Subject:
	Security ID:		SYSTEM
	Account Name:		WIN-V9E96E0LK6Q$
	Account Domain:		WORKGROUP
	Logon ID:		0x3E7

Group:
	Security ID:		BUILTIN\Administrators
	Group Name:		Administrators
	Group Domain:		Builtin

Process Information:
	Process ID:		0x3c
	Process Name:		C:\Windows\System32\svchost.exe"
Audit Success,22/10/2025 12:29:31 am,Microsoft-Windows-Security-Auditing,4624,Logon,"An account was successfully logged on.

Subject:
	Security ID:		SYSTEM
	Account Name:		WIN-V9E96E0LK6Q$
	Account Domain:		WORKGROUP
	Logon ID:		0x3E7

Logon Information:
	Logon Type:		5
	Restricted Admin Mode:	-
	Virtual Account:		No
	Elevated Token:		Yes

Impersonation Level:		Impersonation

New Logon:
	Security ID:		SYSTEM
	Account Name:		SYSTEM
	Account Domain:		NT AUTHORITY
	Logon ID:		0x3E7
	Linked Logon ID:		0x0
	Network Account Name:	-
	Network Account Domain:	-
	Logon GUID:		{00000000-0000-0000-0000-000000000000}

Process Information:
	Process ID:		0x280
	Process Name:		C:\Windows\System32\services.exe

Network Information:
	Workstation Name:	-
	Source Network Address:	-
	Source Port:		-

Detailed Authentication Information:
	Logon Process:		Advapi  
	Authentication Package:	Negotiate
	Transited Services:	-
	Package Name (NTLM only):	-
	Key Length:		0

This event is generated when a logon session is created. It is generated on the computer that was accessed.

The subject fields indicate the account on the local system which requested the logon. This is most commonly a service such as the Server service, or a local process such as Winlogon.exe or Services.exe.

The logon type field indicates the kind of logon that occurred. The most common types are 2 (interactive) and 3 (network).

The New Logon fields indicate the account for whom the new logon was created, i.e. the account that was logged on.

The network fields indicate where a remote logon request originated. Workstation name is not always available and may be left blank in some cases.

The impersonation level field indicates the extent to which a process in the logon session can impersonate.

The authentication information fields provide detailed information about this specific logon request.
	- Logon GUID is a unique identifier that can be used to correlate this event with a KDC event.
	- Transited services indicate which intermediate services have participated in this logon request.
	- Package name indicates which sub-protocol was used among the NTLM protocols.
	- Key length indicates the length of the generated session key. This will be 0 if no session key was requested."
Audit Success,22/10/2025 12:29:31 am,Microsoft-Windows-Security-Auditing,4672,Special Logon,"Special privileges assigned to new logon.

Subject:
	Security ID:		SYSTEM
	Account Name:		SYSTEM
	Account Domain:		NT AUTHORITY
	Logon ID:		0x3E7

Privileges:		SeAssignPrimaryTokenPrivilege
			SeTcbPrivilege
			SeSecurityPrivilege
			SeTakeOwnershipPrivilege
			SeLoadDriverPrivilege
			SeBackupPrivilege
			SeRestorePrivilege
			SeDebugPrivilege
			SeAuditPrivilege
			SeSystemEnvironmentPrivilege
			SeImpersonatePrivilege
			SeDelegateSessionUserImpersonatePrivilege"
Audit Success,22/10/2025 12:30:17 am,Microsoft-Windows-Security-Auditing,5379,User Account Management,"Credential Manager credentials were read.

Subject:
	Security ID:		SYSTEM
	Account Name:		WIN-V9E96E0LK6Q$
	Account Domain:		WORKGROUP
	Logon ID:		0x3E7
	Read Operation:		Enumerate Credentials

This event occurs when a user performs a read operation on stored credentials in Credential Manager."
Audit Success,22/10/2025 12:30:17 am,Microsoft-Windows-Security-Auditing,5379,User Account Management,"Credential Manager credentials were read.

Subject:
	Security ID:		SYSTEM
	Account Name:		WIN-V9E96E0LK6Q$
	Account Domain:		WORKGROUP
	Logon ID:		0x3E7
	Read Operation:		Enumerate Credentials

This event occurs when a user performs a read operation on stored credentials in Credential Manager."
Audit Success,22/10/2025 12:30:17 am,Microsoft-Windows-Security-Auditing,5379,User Account Management,"Credential Manager credentials were read.

Subject:
	Security ID:		SYSTEM
	Account Name:		WIN-V9E96E0LK6Q$
	Account Domain:		WORKGROUP
	Logon ID:		0x3E7
	Read Operation:		Enumerate Credentials

This event occurs when a user performs a read operation on stored credentials in Credential Manager."
Audit Success,22/10/2025 12:30:17 am,Microsoft-Windows-Security-Auditing,5379,User Account Management,"Credential Manager credentials were read.

Subject:
	Security ID:		SYSTEM
	Account Name:		WIN-V9E96E0LK6Q$
	Account Domain:		WORKGROUP
	Logon ID:		0x3E7
	Read Operation:		Enumerate Credentials

This event occurs when a user performs a read operation on stored credentials in Credential Manager."
Audit Success,22/10/2025 12:30:17 am,Microsoft-Windows-Security-Auditing,5379,User Account Management,"Credential Manager credentials were read.

Subject:
	Security ID:		SYSTEM
	Account Name:		WIN-V9E96E0LK6Q$
	Account Domain:		WORKGROUP
	Logon ID:		0x3E7
	Read Operation:		Enumerate Credentials

This event occurs when a user performs a read operation on stored credentials in Credential Manager."
Audit Success,22/10/2025 12:30:17 am,Microsoft-Windows-Security-Auditing,5379,User Account Management,"Credential Manager credentials were read.

Subject:
	Security ID:		SYSTEM
	Account Name:		WIN-V9E96E0LK6Q$
	Account Domain:		WORKGROUP
	Logon ID:		0x3E7
	Read Operation:		Enumerate Credentials

This event occurs when a user performs a read operation on stored credentials in Credential Manager."
Audit Success,22/10/2025 12:30:17 am,Microsoft-Windows-Security-Auditing,5379,User Account Management,"Credential Manager credentials were read.

Subject:
	Security ID:		SYSTEM
	Account Name:		WIN-V9E96E0LK6Q$
	Account Domain:		WORKGROUP
	Logon ID:		0x3E7
	Read Operation:		Enumerate Credentials

This event occurs when a user performs a read operation on stored credentials in Credential Manager."
Audit Success,22/10/2025 12:30:22 am,Microsoft-Windows-Security-Auditing,4907,Audit Policy Change,"Auditing settings on object were changed.

Subject:
	Security ID:		SYSTEM
	Account Name:		WIN-V9E96E0LK6Q$
	Account Domain:		WORKGROUP
	Logon ID:		0x3E7

Object:
	Object Server:	Security
	Object Type:	File
	Object Name:	C:\Windows\WinSxS\FileMaps\_0000000000000000.cdf-ms
	Handle ID:	0x89c

Process Information:
	Process ID:	0x730
	Process Name:	C:\Windows\WinSxS\amd64_microsoft-windows-servicingstack_31bf3856ad364e35_10.0.19041.3745_none_7ded3f327ca60a41\TiWorker.exe

Auditing Settings:
	Original Security Descriptor:	
	New Security Descriptor:		S:ARAI(AU;SAFA;0x1f0116;;;WD)"
Audit Success,22/10/2025 12:30:22 am,Microsoft-Windows-Security-Auditing,4907,Audit Policy Change,"Auditing settings on object were changed.

Subject:
	Security ID:		SYSTEM
	Account Name:		WIN-V9E96E0LK6Q$
	Account Domain:		WORKGROUP
	Logon ID:		0x3E7

Object:
	Object Server:	Security
	Object Type:	File
	Object Name:	C:\Windows\WinSxS\FileMaps\$$.cdf-ms
	Handle ID:	0x1e560

Process Information:
	Process ID:	0x730
	Process Name:	C:\Windows\WinSxS\amd64_microsoft-windows-servicingstack_31bf3856ad364e35_10.0.19041.3745_none_7ded3f327ca60a41\TiWorker.exe

Auditing Settings:
	Original Security Descriptor:	
	New Security Descriptor:		S:ARAI(AU;SAFA;0x1f0116;;;WD)"
Audit Success,22/10/2025 12:30:22 am,Microsoft-Windows-Security-Auditing,4907,Audit Policy Change,"Auditing settings on object were changed.

Subject:
	Security ID:		SYSTEM
	Account Name:		WIN-V9E96E0LK6Q$
	Account Domain:		WORKGROUP
	Logon ID:		0x3E7

Object:
	Object Server:	Security
	Object Type:	File
	Object Name:	C:\Windows\WinSxS\FileMaps\$$_system32_21f9a9c4a2f8b514.cdf-ms
	Handle ID:	0x83bc

Process Information:
	Process ID:	0x730
	Process Name:	C:\Windows\WinSxS\amd64_microsoft-windows-servicingstack_31bf3856ad364e35_10.0.19041.3745_none_7ded3f327ca60a41\TiWorker.exe

Auditing Settings:
	Original Security Descriptor:	
	New Security Descriptor:		S:ARAI(AU;SAFA;0x1f0116;;;WD)"
Audit Success,22/10/2025 12:30:22 am,Microsoft-Windows-Security-Auditing,4907,Audit Policy Change,"Auditing settings on object were changed.

Subject:
	Security ID:		SYSTEM
	Account Name:		WIN-V9E96E0LK6Q$
	Account Domain:		WORKGROUP
	Logon ID:		0x3E7

Object:
	Object Server:	Security
	Object Type:	File
	Object Name:	C:\Windows\WinSxS\FileMaps\$$_system32_winbioplugins_071a28c5b510fb6a.cdf-ms
	Handle ID:	0x93bc

Process Information:
	Process ID:	0x730
	Process Name:	C:\Windows\WinSxS\amd64_microsoft-windows-servicingstack_31bf3856ad364e35_10.0.19041.3745_none_7ded3f327ca60a41\TiWorker.exe

Auditing Settings:
	Original Security Descriptor:	
	New Security Descriptor:		S:ARAI(AU;SAFA;0x1f0116;;;WD)"
Audit Success,22/10/2025 12:30:22 am,Microsoft-Windows-Security-Auditing,4907,Audit Policy Change,"Auditing settings on object were changed.

Subject:
	Security ID:		SYSTEM
	Account Name:		WIN-V9E96E0LK6Q$
	Account Domain:		WORKGROUP
	Logon ID:		0x3E7

Object:
	Object Server:	Security
	Object Type:	File
	Object Name:	C:\Windows\WinSxS\FileMaps\$$_system32_winbioplugins_facedriver_1cf62c11bac4d1af.cdf-ms
	Handle ID:	0xc10

Process Information:
	Process ID:	0x730
	Process Name:	C:\Windows\WinSxS\amd64_microsoft-windows-servicingstack_31bf3856ad364e35_10.0.19041.3745_none_7ded3f327ca60a41\TiWorker.exe

Auditing Settings:
	Original Security Descriptor:	
	New Security Descriptor:		S:ARAI(AU;SAFA;0x1f0116;;;WD)"
Audit Success,22/10/2025 12:30:22 am,Microsoft-Windows-Security-Auditing,4907,Audit Policy Change,"Auditing settings on object were changed.

Subject:
	Security ID:		SYSTEM
	Account Name:		WIN-V9E96E0LK6Q$
	Account Domain:		WORKGROUP
	Logon ID:		0x3E7

Object:
	Object Server:	Security
	Object Type:	File
	Object Name:	C:\Windows\WinSxS\FileMaps\$$_system32_winbioplugins_facedriver_amd64_a24e7f3c1523e31d.cdf-ms
	Handle ID:	0x83bc

Process Information:
	Process ID:	0x730
	Process Name:	C:\Windows\WinSxS\amd64_microsoft-windows-servicingstack_31bf3856ad364e35_10.0.19041.3745_none_7ded3f327ca60a41\TiWorker.exe

Auditing Settings:
	Original Security Descriptor:	
	New Security Descriptor:		S:ARAI(AU;SAFA;0x1f0116;;;WD)"
Audit Success,22/10/2025 12:30:34 am,Microsoft-Windows-Security-Auditing,4725,User Account Management,"A user account was disabled.

Subject:
	Security ID:		SYSTEM
	Account Name:		WIN-V9E96E0LK6Q$
	Account Domain:		WORKGROUP
	Logon ID:		0x3E7

Target Account:
	Security ID:		S-1-5-21-4045774015-439033036-4038580180-1000
	Account Name:		defaultuser0
	Account Domain:		DESKTOP-5877OOS"
Audit Success,22/10/2025 12:30:34 am,Microsoft-Windows-Security-Auditing,4738,User Account Management,"A user account was changed.

Subject:
	Security ID:		SYSTEM
	Account Name:		WIN-V9E96E0LK6Q$
	Account Domain:		WORKGROUP
	Logon ID:		0x3E7

Target Account:
	Security ID:		S-1-5-21-4045774015-439033036-4038580180-1000
	Account Name:		defaultuser0
	Account Domain:		DESKTOP-5877OOS

Changed Attributes:
	SAM Account Name:	defaultuser0
	Display Name:		<value not set>
	User Principal Name:	-
	Home Directory:		<value not set>
	Home Drive:		<value not set>
	Script Path:		<value not set>
	Profile Path:		<value not set>
	User Workstations:	<value not set>
	Password Last Set:	10/22/2025 3:17:06 PM
	Account Expires:		<never>
	Primary Group ID:	513
	AllowedToDelegateTo:	-
	Old UAC Value:		0x214
	New UAC Value:		0x211
	User Account Control:	
		Account Disabled
		'Password Not Required' - Disabled
	User Parameters:	<value not set>
	SID History:		-
	Logon Hours:		All

Additional Information:
	Privileges:		-"
Audit Success,22/10/2025 12:30:34 am,Microsoft-Windows-Security-Auditing,4733,Security Group Management,"A member was removed from a security-enabled local group.

Subject:
	Security ID:		SYSTEM
	Account Name:		WIN-V9E96E0LK6Q$
	Account Domain:		WORKGROUP
	Logon ID:		0x3E7

Member:
	Security ID:		S-1-5-21-4045774015-439033036-4038580180-1000
	Account Name:		-

Group:
	Security ID:		BUILTIN\Administrators
	Group Name:		Administrators
	Group Domain:		Builtin

Additional Information:
	Privileges:		-"
Audit Success,22/10/2025 12:30:35 am,Microsoft-Windows-Security-Auditing,4634,Logoff,"An account was logged off.

Subject:
	Security ID:		WIN10-1\Bob
	Account Name:		Bob
	Account Domain:		DESKTOP-5877OOS
	Logon ID:		0x260FC7

Logon Type:			2

This event is generated when a logon session is destroyed. It may be positively correlated with a logon event using the Logon ID value. Logon IDs are only unique between reboots on the same computer."
Audit Success,22/10/2025 12:30:35 am,Microsoft-Windows-Security-Auditing,4634,Logoff,"An account was logged off.

Subject:
	Security ID:		WIN10-1\Bob
	Account Name:		Bob
	Account Domain:		DESKTOP-5877OOS
	Logon ID:		0x260FA4

Logon Type:			2

This event is generated when a logon session is destroyed. It may be positively correlated with a logon event using the Logon ID value. Logon IDs are only unique between reboots on the same computer."
Audit Success,22/10/2025 12:30:35 am,Microsoft-Windows-Security-Auditing,4647,Logoff,"User initiated logoff:

Subject:
	Security ID:		S-1-5-21-4045774015-439033036-4038580180-1000
	Account Name:		defaultuser0
	Account Domain:		DESKTOP-5877OOS
	Logon ID:		0x41979

This event is generated when a logoff is initiated. No further user-initiated activity can occur. This event can be interpreted as a logoff event."
Audit Success,22/10/2025 12:30:36 am,Microsoft-Windows-Security-Auditing,4798,User Account Management,"A user's local group membership was enumerated.

Subject:
	Security ID:		SYSTEM
	Account Name:		WIN-V9E96E0LK6Q$
	Account Domain:		WORKGROUP
	Logon ID:		0x3E7

User:
	Security ID:		WIN10-1\Administrator
	Account Name:		Administrator
	Account Domain:		DESKTOP-5877OOS

Process Information:
	Process ID:		0x3c
	Process Name:		C:\Windows\System32\svchost.exe"
Audit Success,22/10/2025 12:30:36 am,Microsoft-Windows-Security-Auditing,4798,User Account Management,"A user's local group membership was enumerated.

Subject:
	Security ID:		SYSTEM
	Account Name:		WIN-V9E96E0LK6Q$
	Account Domain:		WORKGROUP
	Logon ID:		0x3E7

User:
	Security ID:		WIN10-1\Bob
	Account Name:		Bob
	Account Domain:		DESKTOP-5877OOS

Process Information:
	Process ID:		0x3c
	Process Name:		C:\Windows\System32\svchost.exe"
Audit Success,22/10/2025 12:30:36 am,Microsoft-Windows-Security-Auditing,4798,User Account Management,"A user's local group membership was enumerated.

Subject:
	Security ID:		SYSTEM
	Account Name:		WIN-V9E96E0LK6Q$
	Account Domain:		WORKGROUP
	Logon ID:		0x3E7

User:
	Security ID:		WIN10-1\DefaultAccount
	Account Name:		DefaultAccount
	Account Domain:		DESKTOP-5877OOS

Process Information:
	Process ID:		0x3c
	Process Name:		C:\Windows\System32\svchost.exe"
Audit Success,22/10/2025 12:30:36 am,Microsoft-Windows-Security-Auditing,4798,User Account Management,"A user's local group membership was enumerated.

Subject:
	Security ID:		SYSTEM
	Account Name:		WIN-V9E96E0LK6Q$
	Account Domain:		WORKGROUP
	Logon ID:		0x3E7

User:
	Security ID:		S-1-5-21-4045774015-439033036-4038580180-1000
	Account Name:		defaultuser0
	Account Domain:		DESKTOP-5877OOS

Process Information:
	Process ID:		0x3c
	Process Name:		C:\Windows\System32\svchost.exe"
Audit Success,22/10/2025 12:30:36 am,Microsoft-Windows-Security-Auditing,4798,User Account Management,"A user's local group membership was enumerated.

Subject:
	Security ID:		SYSTEM
	Account Name:		WIN-V9E96E0LK6Q$
	Account Domain:		WORKGROUP
	Logon ID:		0x3E7

User:
	Security ID:		WIN10-1\Guest
	Account Name:		Guest
	Account Domain:		DESKTOP-5877OOS

Process Information:
	Process ID:		0x3c
	Process Name:		C:\Windows\System32\svchost.exe"
Audit Success,22/10/2025 12:30:36 am,Microsoft-Windows-Security-Auditing,4798,User Account Management,"A user's local group membership was enumerated.

Subject:
	Security ID:		SYSTEM
	Account Name:		WIN-V9E96E0LK6Q$
	Account Domain:		WORKGROUP
	Logon ID:		0x3E7

User:
	Security ID:		WIN10-1\WDAGUtilityAccount
	Account Name:		WDAGUtilityAccount
	Account Domain:		DESKTOP-5877OOS

Process Information:
	Process ID:		0x3c
	Process Name:		C:\Windows\System32\svchost.exe"
Audit Success,22/10/2025 12:30:36 am,Microsoft-Windows-Security-Auditing,4634,Logoff,"An account was logged off.

Subject:
	Security ID:		Font Driver Host\UMFD-1
	Account Name:		UMFD-1
	Account Domain:		Font Driver Host
	Logon ID:		0xC7A7

Logon Type:			2

This event is generated when a logon session is destroyed. It may be positively correlated with a logon event using the Logon ID value. Logon IDs are only unique between reboots on the same computer."
Audit Success,22/10/2025 12:30:36 am,Microsoft-Windows-Security-Auditing,4648,Logon,"A logon was attempted using explicit credentials.

Subject:
	Security ID:		SYSTEM
	Account Name:		WIN-V9E96E0LK6Q$
	Account Domain:		WORKGROUP
	Logon ID:		0x3E7
	Logon GUID:		{00000000-0000-0000-0000-000000000000}

Account Whose Credentials Were Used:
	Account Name:		UMFD-2
	Account Domain:		Font Driver Host
	Logon GUID:		{00000000-0000-0000-0000-000000000000}

Target Server:
	Target Server Name:	localhost
	Additional Information:	localhost

Process Information:
	Process ID:		0x1e0
	Process Name:		C:\Windows\System32\winlogon.exe

Network Information:
	Network Address:	-
	Port:			-

This event is generated when a process attempts to log on an account by explicitly specifying that account’s credentials.  This most commonly occurs in batch-type configurations such as scheduled tasks, or when using the RUNAS command."
Audit Success,22/10/2025 12:30:36 am,Microsoft-Windows-Security-Auditing,4624,Logon,"An account was successfully logged on.

Subject:
	Security ID:		SYSTEM
	Account Name:		WIN-V9E96E0LK6Q$
	Account Domain:		WORKGROUP
	Logon ID:		0x3E7

Logon Information:
	Logon Type:		2
	Restricted Admin Mode:	-
	Virtual Account:		Yes
	Elevated Token:		No

Impersonation Level:		Impersonation

New Logon:
	Security ID:		S-1-5-96-0-2
	Account Name:		UMFD-2
	Account Domain:		Font Driver Host
	Logon ID:		0x2C44B0
	Linked Logon ID:		0x0
	Network Account Name:	-
	Network Account Domain:	-
	Logon GUID:		{00000000-0000-0000-0000-000000000000}

Process Information:
	Process ID:		0x1e0
	Process Name:		C:\Windows\System32\winlogon.exe

Network Information:
	Workstation Name:	-
	Source Network Address:	-
	Source Port:		-

Detailed Authentication Information:
	Logon Process:		Advapi  
	Authentication Package:	Negotiate
	Transited Services:	-
	Package Name (NTLM only):	-
	Key Length:		0

This event is generated when a logon session is created. It is generated on the computer that was accessed.

The subject fields indicate the account on the local system which requested the logon. This is most commonly a service such as the Server service, or a local process such as Winlogon.exe or Services.exe.

The logon type field indicates the kind of logon that occurred. The most common types are 2 (interactive) and 3 (network).

The New Logon fields indicate the account for whom the new logon was created, i.e. the account that was logged on.

The network fields indicate where a remote logon request originated. Workstation name is not always available and may be left blank in some cases.

The impersonation level field indicates the extent to which a process in the logon session can impersonate.

The authentication information fields provide detailed information about this specific logon request.
	- Logon GUID is a unique identifier that can be used to correlate this event with a KDC event.
	- Transited services indicate which intermediate services have participated in this logon request.
	- Package name indicates which sub-protocol was used among the NTLM protocols.
	- Key length indicates the length of the generated session key. This will be 0 if no session key was requested."
Audit Success,22/10/2025 12:30:36 am,Microsoft-Windows-Security-Auditing,4634,Logoff,"An account was logged off.

Subject:
	Security ID:		Window Manager\DWM-1
	Account Name:		DWM-1
	Account Domain:		Window Manager
	Logon ID:		0x11E0D

Logon Type:			2

This event is generated when a logon session is destroyed. It may be positively correlated with a logon event using the Logon ID value. Logon IDs are only unique between reboots on the same computer."
Audit Success,22/10/2025 12:30:36 am,Microsoft-Windows-Security-Auditing,4634,Logoff,"An account was logged off.

Subject:
	Security ID:		Window Manager\DWM-1
	Account Name:		DWM-1
	Account Domain:		Window Manager
	Logon ID:		0x11DFC

Logon Type:			2

This event is generated when a logon session is destroyed. It may be positively correlated with a logon event using the Logon ID value. Logon IDs are only unique between reboots on the same computer."
Audit Success,22/10/2025 12:30:36 am,Microsoft-Windows-Security-Auditing,4648,Logon,"A logon was attempted using explicit credentials.

Subject:
	Security ID:		SYSTEM
	Account Name:		WIN-V9E96E0LK6Q$
	Account Domain:		WORKGROUP
	Logon ID:		0x3E7
	Logon GUID:		{00000000-0000-0000-0000-000000000000}

Account Whose Credentials Were Used:
	Account Name:		DWM-2
	Account Domain:		Window Manager
	Logon GUID:		{00000000-0000-0000-0000-000000000000}

Target Server:
	Target Server Name:	localhost
	Additional Information:	localhost

Process Information:
	Process ID:		0x1e0
	Process Name:		C:\Windows\System32\winlogon.exe

Network Information:
	Network Address:	-
	Port:			-

This event is generated when a process attempts to log on an account by explicitly specifying that account’s credentials.  This most commonly occurs in batch-type configurations such as scheduled tasks, or when using the RUNAS command."
Audit Success,22/10/2025 12:30:36 am,Microsoft-Windows-Security-Auditing,4624,Logon,"An account was successfully logged on.

Subject:
	Security ID:		SYSTEM
	Account Name:		WIN-V9E96E0LK6Q$
	Account Domain:		WORKGROUP
	Logon ID:		0x3E7

Logon Information:
	Logon Type:		2
	Restricted Admin Mode:	-
	Virtual Account:		Yes
	Elevated Token:		Yes

Impersonation Level:		Impersonation

New Logon:
	Security ID:		S-1-5-90-0-2
	Account Name:		DWM-2
	Account Domain:		Window Manager
	Logon ID:		0x2C4D9D
	Linked Logon ID:		0x2C4DBA
	Network Account Name:	-
	Network Account Domain:	-
	Logon GUID:		{00000000-0000-0000-0000-000000000000}

Process Information:
	Process ID:		0x1e0
	Process Name:		C:\Windows\System32\winlogon.exe

Network Information:
	Workstation Name:	-
	Source Network Address:	-
	Source Port:		-

Detailed Authentication Information:
	Logon Process:		Advapi  
	Authentication Package:	Negotiate
	Transited Services:	-
	Package Name (NTLM only):	-
	Key Length:		0

This event is generated when a logon session is created. It is generated on the computer that was accessed.

The subject fields indicate the account on the local system which requested the logon. This is most commonly a service such as the Server service, or a local process such as Winlogon.exe or Services.exe.

The logon type field indicates the kind of logon that occurred. The most common types are 2 (interactive) and 3 (network).

The New Logon fields indicate the account for whom the new logon was created, i.e. the account that was logged on.

The network fields indicate where a remote logon request originated. Workstation name is not always available and may be left blank in some cases.

The impersonation level field indicates the extent to which a process in the logon session can impersonate.

The authentication information fields provide detailed information about this specific logon request.
	- Logon GUID is a unique identifier that can be used to correlate this event with a KDC event.
	- Transited services indicate which intermediate services have participated in this logon request.
	- Package name indicates which sub-protocol was used among the NTLM protocols.
	- Key length indicates the length of the generated session key. This will be 0 if no session key was requested."
Audit Success,22/10/2025 12:30:36 am,Microsoft-Windows-Security-Auditing,4624,Logon,"An account was successfully logged on.

Subject:
	Security ID:		SYSTEM
	Account Name:		WIN-V9E96E0LK6Q$
	Account Domain:		WORKGROUP
	Logon ID:		0x3E7

Logon Information:
	Logon Type:		2
	Restricted Admin Mode:	-
	Virtual Account:		Yes
	Elevated Token:		No

Impersonation Level:		Impersonation

New Logon:
	Security ID:		S-1-5-90-0-2
	Account Name:		DWM-2
	Account Domain:		Window Manager
	Logon ID:		0x2C4DBA
	Linked Logon ID:		0x2C4D9D
	Network Account Name:	-
	Network Account Domain:	-
	Logon GUID:		{00000000-0000-0000-0000-000000000000}

Process Information:
	Process ID:		0x1e0
	Process Name:		C:\Windows\System32\winlogon.exe

Network Information:
	Workstation Name:	-
	Source Network Address:	-
	Source Port:		-

Detailed Authentication Information:
	Logon Process:		Advapi  
	Authentication Package:	Negotiate
	Transited Services:	-
	Package Name (NTLM only):	-
	Key Length:		0

This event is generated when a logon session is created. It is generated on the computer that was accessed.

The subject fields indicate the account on the local system which requested the logon. This is most commonly a service such as the Server service, or a local process such as Winlogon.exe or Services.exe.

The logon type field indicates the kind of logon that occurred. The most common types are 2 (interactive) and 3 (network).

The New Logon fields indicate the account for whom the new logon was created, i.e. the account that was logged on.

The network fields indicate where a remote logon request originated. Workstation name is not always available and may be left blank in some cases.

The impersonation level field indicates the extent to which a process in the logon session can impersonate.

The authentication information fields provide detailed information about this specific logon request.
	- Logon GUID is a unique identifier that can be used to correlate this event with a KDC event.
	- Transited services indicate which intermediate services have participated in this logon request.
	- Package name indicates which sub-protocol was used among the NTLM protocols.
	- Key length indicates the length of the generated session key. This will be 0 if no session key was requested."
Audit Success,22/10/2025 12:30:36 am,Microsoft-Windows-Security-Auditing,4672,Special Logon,"Special privileges assigned to new logon.

Subject:
	Security ID:		S-1-5-90-0-2
	Account Name:		DWM-2
	Account Domain:		Window Manager
	Logon ID:		0x2C4D9D

Privileges:		SeAssignPrimaryTokenPrivilege
			SeAuditPrivilege
			SeImpersonatePrivilege"
Audit Success,22/10/2025 12:30:36 am,Microsoft-Windows-Security-Auditing,4672,Special Logon,"Special privileges assigned to new logon.

Subject:
	Security ID:		S-1-5-90-0-2
	Account Name:		DWM-2
	Account Domain:		Window Manager
	Logon ID:		0x2C4DBA

Privileges:		SeAssignPrimaryTokenPrivilege
			SeAuditPrivilege"
Audit Success,22/10/2025 12:30:37 am,Microsoft-Windows-Security-Auditing,4648,Logon,"A logon was attempted using explicit credentials.

Subject:
	Security ID:		SYSTEM
	Account Name:		WIN-V9E96E0LK6Q$
	Account Domain:		WORKGROUP
	Logon ID:		0x3E7
	Logon GUID:		{00000000-0000-0000-0000-000000000000}

Account Whose Credentials Were Used:
	Account Name:		Bob
	Account Domain:		DESKTOP-5877OOS
	Logon GUID:		{00000000-0000-0000-0000-000000000000}

Target Server:
	Target Server Name:	localhost
	Additional Information:	localhost

Process Information:
	Process ID:		0x3c
	Process Name:		C:\Windows\System32\svchost.exe

Network Information:
	Network Address:	127.0.0.1
	Port:			0

This event is generated when a process attempts to log on an account by explicitly specifying that account’s credentials.  This most commonly occurs in batch-type configurations such as scheduled tasks, or when using the RUNAS command."
Audit Success,22/10/2025 12:30:37 am,Microsoft-Windows-Security-Auditing,4624,Logon,"An account was successfully logged on.

Subject:
	Security ID:		SYSTEM
	Account Name:		WIN-V9E96E0LK6Q$
	Account Domain:		WORKGROUP
	Logon ID:		0x3E7

Logon Information:
	Logon Type:		2
	Restricted Admin Mode:	-
	Virtual Account:		No
	Elevated Token:		Yes

Impersonation Level:		Impersonation

New Logon:
	Security ID:		WIN10-1\Bob
	Account Name:		Bob
	Account Domain:		DESKTOP-5877OOS
	Logon ID:		0x2C5DDF
	Linked Logon ID:		0x2C5E20
	Network Account Name:	-
	Network Account Domain:	-
	Logon GUID:		{00000000-0000-0000-0000-000000000000}

Process Information:
	Process ID:		0x3c
	Process Name:		C:\Windows\System32\svchost.exe

Network Information:
	Workstation Name:	WIN-V9E96E0LK6Q
	Source Network Address:	127.0.0.1
	Source Port:		0

Detailed Authentication Information:
	Logon Process:		User32 
	Authentication Package:	Negotiate
	Transited Services:	-
	Package Name (NTLM only):	-
	Key Length:		0

This event is generated when a logon session is created. It is generated on the computer that was accessed.

The subject fields indicate the account on the local system which requested the logon. This is most commonly a service such as the Server service, or a local process such as Winlogon.exe or Services.exe.

The logon type field indicates the kind of logon that occurred. The most common types are 2 (interactive) and 3 (network).

The New Logon fields indicate the account for whom the new logon was created, i.e. the account that was logged on.

The network fields indicate where a remote logon request originated. Workstation name is not always available and may be left blank in some cases.

The impersonation level field indicates the extent to which a process in the logon session can impersonate.

The authentication information fields provide detailed information about this specific logon request.
	- Logon GUID is a unique identifier that can be used to correlate this event with a KDC event.
	- Transited services indicate which intermediate services have participated in this logon request.
	- Package name indicates which sub-protocol was used among the NTLM protocols.
	- Key length indicates the length of the generated session key. This will be 0 if no session key was requested."
