Audit Failure,22/10/2025 12:54:18 am,Microsoft-Windows-Security-Auditing,5061,System Integrity,"Cryptographic operation.

Subject:
	Security ID:		PYLOGSIEM\TestUser01
	Account Name:		TestUser01
	Account Domain:		PYLOGSIEM
	Logon ID:		0x60E6A

Cryptographic Parameters:
	Provider Name:	Microsoft Software Key Storage Provider
	Algorithm Name:	UNKNOWN
	Key Name:	Microsoft Connected Devices Platform device certificate
	Key Type:	User key.

Cryptographic Operation:
	Operation:	Open Key.
	Return Code:	0x80090016"
Audit Failure,22/10/2025 12:54:18 am,Microsoft-Windows-Security-Auditing,5061,System Integrity,"Cryptographic operation.

Subject:
	Security ID:		PYLOGSIEM\TestUser01
	Account Name:		TestUser01
	Account Domain:		PYLOGSIEM
	Logon ID:		0x60E6A

Cryptographic Parameters:
	Provider Name:	Microsoft Software Key Storage Provider
	Algorithm Name:	UNKNOWN
	Key Name:	Microsoft Connected Devices Platform device certificate
	Key Type:	User key.

Cryptographic Operation:
	Operation:	Open Key.
	Return Code:	0x80090016"
Audit Failure,22/10/2025 12:54:18 am,Microsoft-Windows-Security-Auditing,5061,System Integrity,"Cryptographic operation.

Subject:
	Security ID:		PYLOGSIEM\TestUser01
	Account Name:		TestUser01
	Account Domain:		PYLOGSIEM
	Logon ID:		0x60E6A

Cryptographic Parameters:
	Provider Name:	Microsoft Software Key Storage Provider
	Algorithm Name:	UNKNOWN
	Key Name:	Microsoft Connected Devices Platform device certificate
	Key Type:	User key.

Cryptographic Operation:
	Operation:	Open Key.
	Return Code:	0x80090016"
Audit Failure,22/10/2025 12:54:19 am,Microsoft-Windows-Security-Auditing,5061,System Integrity,"Cryptographic operation.

Subject:
	Security ID:		PYLOGSIEM\TestUser01
	Account Name:		TestUser01
	Account Domain:		PYLOGSIEM
	Logon ID:		0x60E6A

Cryptographic Parameters:
	Provider Name:	Microsoft Software Key Storage Provider
	Algorithm Name:	ECDSA_P256
	Key Name:	Microsoft Connected Devices Platform device certificate
	Key Type:	User key.

Cryptographic Operation:
	Operation:	Create Key.
	Return Code:	0x80090345"
Audit Failure,22/10/2025 12:54:19 am,Microsoft-Windows-Security-Auditing,5061,System Integrity,"Cryptographic operation.

Subject:
	Security ID:		PYLOGSIEM\TestUser01
	Account Name:		TestUser01
	Account Domain:		PYLOGSIEM
	Logon ID:		0x60E6A

Cryptographic Parameters:
	Provider Name:	Microsoft Software Key Storage Provider
	Algorithm Name:	UNKNOWN
	Key Name:	Microsoft Connected Devices Platform device certificate
	Key Type:	User key.

Cryptographic Operation:
	Operation:	Open Key.
	Return Code:	0x80090016"
Audit Failure,22/10/2025 12:54:19 am,Microsoft-Windows-Security-Auditing,5061,System Integrity,"Cryptographic operation.

Subject:
	Security ID:		PYLOGSIEM\TestUser01
	Account Name:		TestUser01
	Account Domain:		PYLOGSIEM
	Logon ID:		0x60E6A

Cryptographic Parameters:
	Provider Name:	Microsoft Software Key Storage Provider
	Algorithm Name:	UNKNOWN
	Key Name:	Microsoft Connected Devices Platform device certificate
	Key Type:	User key.

Cryptographic Operation:
	Operation:	Open Key.
	Return Code:	0x80090016"
Audit Failure,22/10/2025 12:54:19 am,Microsoft-Windows-Security-Auditing,5061,System Integrity,"Cryptographic operation.

Subject:
	Security ID:		PYLOGSIEM\TestUser01
	Account Name:		TestUser01
	Account Domain:		PYLOGSIEM
	Logon ID:		0x60E6A

Cryptographic Parameters:
	Provider Name:	Microsoft Software Key Storage Provider
	Algorithm Name:	UNKNOWN
	Key Name:	Microsoft Connected Devices Platform device certificate
	Key Type:	User key.

Cryptographic Operation:
	Operation:	Open Key.
	Return Code:	0x80090016"
Audit Failure,22/10/2025 12:54:19 am,Microsoft-Windows-Security-Auditing,5061,System Integrity,"Cryptographic operation.

Subject:
	Security ID:		PYLOGSIEM\TestUser01
	Account Name:		TestUser01
	Account Domain:		PYLOGSIEM
	Logon ID:		0x60E6A

Cryptographic Parameters:
	Provider Name:	Microsoft Software Key Storage Provider
	Algorithm Name:	ECDSA_P256
	Key Name:	Microsoft Connected Devices Platform device certificate
	Key Type:	User key.

Cryptographic Operation:
	Operation:	Create Key.
	Return Code:	0x80090345"
Audit Success,22/10/2025 12:54:19 am,Microsoft-Windows-Security-Auditing,5379,User Account Management,"Credential Manager credentials were read.

Subject:
	Security ID:		PYLOGSIEM\TestUser01
	Account Name:		TestUser01
	Account Domain:		PYLOGSIEM
	Logon ID:		0x60E6A
	Read Operation:		Enumerate Credentials

This event occurs when a user performs a read operation on stored credentials in Credential Manager."
Audit Success,22/10/2025 12:54:19 am,Microsoft-Windows-Security-Auditing,5379,User Account Management,"Credential Manager credentials were read.

Subject:
	Security ID:		PYLOGSIEM\TestUser01
	Account Name:		TestUser01
	Account Domain:		PYLOGSIEM
	Logon ID:		0x60E6A
	Read Operation:		Enumerate Credentials

This event occurs when a user performs a read operation on stored credentials in Credential Manager."
Audit Success,22/10/2025 12:54:19 am,Microsoft-Windows-Security-Auditing,5379,User Account Management,"Credential Manager credentials were read.

Subject:
	Security ID:		PYLOGSIEM\TestUser01
	Account Name:		TestUser01
	Account Domain:		PYLOGSIEM
	Logon ID:		0x60E6A
	Read Operation:		Enumerate Credentials

This event occurs when a user performs a read operation on stored credentials in Credential Manager."
Audit Success,22/10/2025 12:54:19 am,Microsoft-Windows-Security-Auditing,5379,User Account Management,"Credential Manager credentials were read.

Subject:
	Security ID:		PYLOGSIEM\TestUser01
	Account Name:		TestUser01
	Account Domain:		PYLOGSIEM
	Logon ID:		0x60E6A
	Read Operation:		Enumerate Credentials

This event occurs when a user performs a read operation on stored credentials in Credential Manager."
Audit Success,22/10/2025 12:54:23 am,Microsoft-Windows-Security-Auditing,4799,Security Group Management,"A security-enabled local group membership was enumerated.

Subject:
	Security ID:		SYSTEM
	Account Name:		WIN10-1$
	Account Domain:		PYLOGSIEM
	Logon ID:		0x3E7

Group:
	Security ID:		BUILTIN\Administrators
	Group Name:		Administrators
	Group Domain:		Builtin

Process Information:
	Process ID:		0xc50
	Process Name:		C:\Windows\System32\consent.exe"
Audit Success,22/10/2025 12:54:23 am,Microsoft-Windows-Security-Auditing,4799,Security Group Management,"A security-enabled local group membership was enumerated.

Subject:
	Security ID:		SYSTEM
	Account Name:		WIN10-1$
	Account Domain:		PYLOGSIEM
	Logon ID:		0x3E7

Group:
	Security ID:		BUILTIN\Administrators
	Group Name:		Administrators
	Group Domain:		Builtin

Process Information:
	Process ID:		0xc50
	Process Name:		C:\Windows\System32\consent.exe"
Audit Success,22/10/2025 12:54:43 am,Microsoft-Windows-Security-Auditing,5379,User Account Management,"Credential Manager credentials were read.

Subject:
	Security ID:		PYLOGSIEM\TestUser01
	Account Name:		TestUser01
	Account Domain:		PYLOGSIEM
	Logon ID:		0x60E6A
	Read Operation:		Enumerate Credentials

This event occurs when a user performs a read operation on stored credentials in Credential Manager."
Audit Success,22/10/2025 12:54:43 am,Microsoft-Windows-Security-Auditing,5379,User Account Management,"Credential Manager credentials were read.

Subject:
	Security ID:		PYLOGSIEM\TestUser01
	Account Name:		TestUser01
	Account Domain:		PYLOGSIEM
	Logon ID:		0x60E6A
	Read Operation:		Enumerate Credentials

This event occurs when a user performs a read operation on stored credentials in Credential Manager."
Audit Success,22/10/2025 12:54:43 am,Microsoft-Windows-Security-Auditing,5379,User Account Management,"Credential Manager credentials were read.

Subject:
	Security ID:		PYLOGSIEM\TestUser01
	Account Name:		TestUser01
	Account Domain:		PYLOGSIEM
	Logon ID:		0x60E6A
	Read Operation:		Enumerate Credentials

This event occurs when a user performs a read operation on stored credentials in Credential Manager."
Audit Success,22/10/2025 12:54:43 am,Microsoft-Windows-Security-Auditing,5379,User Account Management,"Credential Manager credentials were read.

Subject:
	Security ID:		PYLOGSIEM\TestUser01
	Account Name:		TestUser01
	Account Domain:		PYLOGSIEM
	Logon ID:		0x60E6A
	Read Operation:		Enumerate Credentials

This event occurs when a user performs a read operation on stored credentials in Credential Manager."
Audit Success,22/10/2025 12:54:45 am,Microsoft-Windows-Security-Auditing,4799,Security Group Management,"A security-enabled local group membership was enumerated.

Subject:
	Security ID:		SYSTEM
	Account Name:		WIN10-1$
	Account Domain:		PYLOGSIEM
	Logon ID:		0x3E7

Group:
	Security ID:		BUILTIN\Administrators
	Group Name:		Administrators
	Group Domain:		Builtin

Process Information:
	Process ID:		0x1f24
	Process Name:		C:\Windows\System32\consent.exe"
Audit Success,22/10/2025 12:54:45 am,Microsoft-Windows-Security-Auditing,4799,Security Group Management,"A security-enabled local group membership was enumerated.

Subject:
	Security ID:		SYSTEM
	Account Name:		WIN10-1$
	Account Domain:		PYLOGSIEM
	Logon ID:		0x3E7

Group:
	Security ID:		BUILTIN\Administrators
	Group Name:		Administrators
	Group Domain:		Builtin

Process Information:
	Process ID:		0x1f24
	Process Name:		C:\Windows\System32\consent.exe"
Audit Failure,22/10/2025 12:54:54 am,Microsoft-Windows-Security-Auditing,4625,Logon,"An account failed to log on.

Subject:
	Security ID:		SYSTEM
	Account Name:		WIN10-1$
	Account Domain:		PYLOGSIEM
	Logon ID:		0x3E7

Logon Type:			11

Account For Which Logon Failed:
	Security ID:		NULL SID
	Account Name:		Administrator
	Account Domain:		PYLOGSIEM

Failure Information:
	Failure Reason:		An Error occured during Logon.
	Status:			0xC000005E
	Sub Status:		0x0

Process Information:
	Caller Process ID:	0x1f24
	Caller Process Name:	C:\Windows\System32\consent.exe

Network Information:
	Workstation Name:	WIN10-1
	Source Network Address:	::1
	Source Port:		0

Detailed Authentication Information:
	Logon Process:		CredPro
	Authentication Package:	Negotiate
	Transited Services:	-
	Package Name (NTLM only):	-
	Key Length:		0

This event is generated when a logon request fails. It is generated on the computer where access was attempted.

The Subject fields indicate the account on the local system which requested the logon. This is most commonly a service such as the Server service, or a local process such as Winlogon.exe or Services.exe.

The Logon Type field indicates the kind of logon that was requested. The most common types are 2 (interactive) and 3 (network).

The Process Information fields indicate which account and process on the system requested the logon.

The Network Information fields indicate where a remote logon request originated. Workstation name is not always available and may be left blank in some cases.

The authentication information fields provide detailed information about this specific logon request.
	- Transited services indicate which intermediate services have participated in this logon request.
	- Package name indicates which sub-protocol was used among the NTLM protocols.
	- Key length indicates the length of the generated session key. This will be 0 if no session key was requested."
Audit Success,22/10/2025 12:54:54 am,Microsoft-Windows-Security-Auditing,4648,Logon,"A logon was attempted using explicit credentials.

Subject:
	Security ID:		SYSTEM
	Account Name:		WIN10-1$
	Account Domain:		PYLOGSIEM
	Logon ID:		0x3E7
	Logon GUID:		{00000000-0000-0000-0000-000000000000}

Account Whose Credentials Were Used:
	Account Name:		Administrator
	Account Domain:		PYLOGSIEM
	Logon GUID:		{00000000-0000-0000-0000-000000000000}

Target Server:
	Target Server Name:	localhost
	Additional Information:	localhost

Process Information:
	Process ID:		0x1f24
	Process Name:		C:\Windows\System32\consent.exe

Network Information:
	Network Address:	::1
	Port:			0

This event is generated when a process attempts to log on an account by explicitly specifying that account’s credentials.  This most commonly occurs in batch-type configurations such as scheduled tasks, or when using the RUNAS command."
Audit Success,22/10/2025 12:54:54 am,Microsoft-Windows-Security-Auditing,4624,Logon,"An account was successfully logged on.

Subject:
	Security ID:		SYSTEM
	Account Name:		WIN10-1$
	Account Domain:		PYLOGSIEM
	Logon ID:		0x3E7

Logon Information:
	Logon Type:		2
	Restricted Admin Mode:	-
	Virtual Account:		No
	Elevated Token:		Yes

Impersonation Level:		Impersonation

New Logon:
	Security ID:		PYLOGSIEM\Administrator
	Account Name:		Administrator
	Account Domain:		PYLOGSIEM
	Logon ID:		0x1CD8D0
	Linked Logon ID:		0x0
	Network Account Name:	-
	Network Account Domain:	-
	Logon GUID:		{00000000-0000-0000-0000-000000000000}

Process Information:
	Process ID:		0x1f24
	Process Name:		C:\Windows\System32\consent.exe

Network Information:
	Workstation Name:	WIN10-1
	Source Network Address:	::1
	Source Port:		0

Detailed Authentication Information:
	Logon Process:		CredPro
	Authentication Package:	Negotiate
	Transited Services:	-
	Package Name (NTLM only):	-
	Key Length:		0

This event is generated when a logon session is created. It is generated on the computer that was accessed.

The subject fields indicate the account on the local system which requested the logon. This is most commonly a service such as the Server service, or a local process such as Winlogon.exe or Services.exe.

The logon type field indicates the kind of logon that occurred. The most common types are 2 (interactive) and 3 (network).

The New Logon fields indicate the account for whom the new logon was created, i.e. the account that was logged on.

The network fields indicate where a remote logon request originated. Workstation name is not always available and may be left blank in some cases.

The impersonation level field indicates the extent to which a process in the logon session can impersonate.

The authentication information fields provide detailed information about this specific logon request.
	- Logon GUID is a unique identifier that can be used to correlate this event with a KDC event.
	- Transited services indicate which intermediate services have participated in this logon request.
	- Package name indicates which sub-protocol was used among the NTLM protocols.
	- Key length indicates the length of the generated session key. This will be 0 if no session key was requested."
Audit Success,22/10/2025 12:54:54 am,Microsoft-Windows-Security-Auditing,4672,Special Logon,"Special privileges assigned to new logon.

Subject:
	Security ID:		PYLOGSIEM\Administrator
	Account Name:		Administrator
	Account Domain:		PYLOGSIEM
	Logon ID:		0x1CD8D0

Privileges:		SeSecurityPrivilege
			SeTakeOwnershipPrivilege
			SeLoadDriverPrivilege
			SeBackupPrivilege
			SeRestorePrivilege
			SeDebugPrivilege
			SeSystemEnvironmentPrivilege
			SeImpersonatePrivilege
			SeDelegateSessionUserImpersonatePrivilege"
Audit Success,22/10/2025 12:54:55 am,Microsoft-Windows-Security-Auditing,4799,Security Group Management,"A security-enabled local group membership was enumerated.

Subject:
	Security ID:		SYSTEM
	Account Name:		WIN10-1$
	Account Domain:		PYLOGSIEM
	Logon ID:		0x3E7

Group:
	Security ID:		BUILTIN\Administrators
	Group Name:		Administrators
	Group Domain:		Builtin

Process Information:
	Process ID:		0x178
	Process Name:		C:\Windows\System32\svchost.exe"
Audit Success,22/10/2025 12:54:55 am,Microsoft-Windows-Security-Auditing,4799,Security Group Management,"A security-enabled local group membership was enumerated.

Subject:
	Security ID:		SYSTEM
	Account Name:		WIN10-1$
	Account Domain:		PYLOGSIEM
	Logon ID:		0x3E7

Group:
	Security ID:		BUILTIN\Administrators
	Group Name:		Administrators
	Group Domain:		Builtin

Process Information:
	Process ID:		0x178
	Process Name:		C:\Windows\System32\svchost.exe"
Audit Failure,22/10/2025 12:56:57 am,Microsoft-Windows-Security-Auditing,5061,System Integrity,"Cryptographic operation.

Subject:
	Security ID:		PYLOGSIEM\TestUser01
	Account Name:		TestUser01
	Account Domain:		PYLOGSIEM
	Logon ID:		0x60E6A

Cryptographic Parameters:
	Provider Name:	Microsoft Software Key Storage Provider
	Algorithm Name:	UNKNOWN
	Key Name:	Microsoft Connected Devices Platform device certificate
	Key Type:	User key.

Cryptographic Operation:
	Operation:	Open Key.
	Return Code:	0x80090016"
Audit Failure,22/10/2025 12:56:57 am,Microsoft-Windows-Security-Auditing,5061,System Integrity,"Cryptographic operation.

Subject:
	Security ID:		PYLOGSIEM\TestUser01
	Account Name:		TestUser01
	Account Domain:		PYLOGSIEM
	Logon ID:		0x60E6A

Cryptographic Parameters:
	Provider Name:	Microsoft Software Key Storage Provider
	Algorithm Name:	UNKNOWN
	Key Name:	Microsoft Connected Devices Platform device certificate
	Key Type:	User key.

Cryptographic Operation:
	Operation:	Open Key.
	Return Code:	0x80090016"
Audit Failure,22/10/2025 12:56:57 am,Microsoft-Windows-Security-Auditing,5061,System Integrity,"Cryptographic operation.

Subject:
	Security ID:		PYLOGSIEM\TestUser01
	Account Name:		TestUser01
	Account Domain:		PYLOGSIEM
	Logon ID:		0x60E6A

Cryptographic Parameters:
	Provider Name:	Microsoft Software Key Storage Provider
	Algorithm Name:	UNKNOWN
	Key Name:	Microsoft Connected Devices Platform device certificate
	Key Type:	User key.

Cryptographic Operation:
	Operation:	Open Key.
	Return Code:	0x80090016"
Audit Failure,22/10/2025 12:56:57 am,Microsoft-Windows-Security-Auditing,5061,System Integrity,"Cryptographic operation.

Subject:
	Security ID:		PYLOGSIEM\TestUser01
	Account Name:		TestUser01
	Account Domain:		PYLOGSIEM
	Logon ID:		0x60E6A

Cryptographic Parameters:
	Provider Name:	Microsoft Software Key Storage Provider
	Algorithm Name:	ECDSA_P256
	Key Name:	Microsoft Connected Devices Platform device certificate
	Key Type:	User key.

Cryptographic Operation:
	Operation:	Create Key.
	Return Code:	0x80090345"
Audit Failure,22/10/2025 12:56:57 am,Microsoft-Windows-Security-Auditing,5061,System Integrity,"Cryptographic operation.

Subject:
	Security ID:		PYLOGSIEM\TestUser01
	Account Name:		TestUser01
	Account Domain:		PYLOGSIEM
	Logon ID:		0x60E6A

Cryptographic Parameters:
	Provider Name:	Microsoft Software Key Storage Provider
	Algorithm Name:	UNKNOWN
	Key Name:	Microsoft Connected Devices Platform device certificate
	Key Type:	User key.

Cryptographic Operation:
	Operation:	Open Key.
	Return Code:	0x80090016"
Audit Failure,22/10/2025 12:56:57 am,Microsoft-Windows-Security-Auditing,5061,System Integrity,"Cryptographic operation.

Subject:
	Security ID:		PYLOGSIEM\TestUser01
	Account Name:		TestUser01
	Account Domain:		PYLOGSIEM
	Logon ID:		0x60E6A

Cryptographic Parameters:
	Provider Name:	Microsoft Software Key Storage Provider
	Algorithm Name:	UNKNOWN
	Key Name:	Microsoft Connected Devices Platform device certificate
	Key Type:	User key.

Cryptographic Operation:
	Operation:	Open Key.
	Return Code:	0x80090016"
Audit Failure,22/10/2025 12:56:57 am,Microsoft-Windows-Security-Auditing,5061,System Integrity,"Cryptographic operation.

Subject:
	Security ID:		PYLOGSIEM\TestUser01
	Account Name:		TestUser01
	Account Domain:		PYLOGSIEM
	Logon ID:		0x60E6A

Cryptographic Parameters:
	Provider Name:	Microsoft Software Key Storage Provider
	Algorithm Name:	UNKNOWN
	Key Name:	Microsoft Connected Devices Platform device certificate
	Key Type:	User key.

Cryptographic Operation:
	Operation:	Open Key.
	Return Code:	0x80090016"
Audit Failure,22/10/2025 12:56:57 am,Microsoft-Windows-Security-Auditing,5061,System Integrity,"Cryptographic operation.

Subject:
	Security ID:		PYLOGSIEM\TestUser01
	Account Name:		TestUser01
	Account Domain:		PYLOGSIEM
	Logon ID:		0x60E6A

Cryptographic Parameters:
	Provider Name:	Microsoft Software Key Storage Provider
	Algorithm Name:	ECDSA_P256
	Key Name:	Microsoft Connected Devices Platform device certificate
	Key Type:	User key.

Cryptographic Operation:
	Operation:	Create Key.
	Return Code:	0x80090345"
Audit Success,22/10/2025 12:57:12 am,Microsoft-Windows-Security-Auditing,5379,User Account Management,"Credential Manager credentials were read.

Subject:
	Security ID:		PYLOGSIEM\TestUser01
	Account Name:		TestUser01
	Account Domain:		PYLOGSIEM
	Logon ID:		0x60E6A
	Read Operation:		Enumerate Credentials

This event occurs when a user performs a read operation on stored credentials in Credential Manager."
Audit Success,22/10/2025 12:57:12 am,Microsoft-Windows-Security-Auditing,5379,User Account Management,"Credential Manager credentials were read.

Subject:
	Security ID:		PYLOGSIEM\TestUser01
	Account Name:		TestUser01
	Account Domain:		PYLOGSIEM
	Logon ID:		0x60E6A
	Read Operation:		Enumerate Credentials

This event occurs when a user performs a read operation on stored credentials in Credential Manager."
Audit Success,22/10/2025 12:57:13 am,Microsoft-Windows-Security-Auditing,5379,User Account Management,"Credential Manager credentials were read.

Subject:
	Security ID:		PYLOGSIEM\TestUser01
	Account Name:		TestUser01
	Account Domain:		PYLOGSIEM
	Logon ID:		0x60E6A
	Read Operation:		Enumerate Credentials

This event occurs when a user performs a read operation on stored credentials in Credential Manager."
Audit Success,22/10/2025 12:57:13 am,Microsoft-Windows-Security-Auditing,5379,User Account Management,"Credential Manager credentials were read.

Subject:
	Security ID:		PYLOGSIEM\TestUser01
	Account Name:		TestUser01
	Account Domain:		PYLOGSIEM
	Logon ID:		0x60E6A
	Read Operation:		Enumerate Credentials

This event occurs when a user performs a read operation on stored credentials in Credential Manager."
Audit Success,22/10/2025 12:57:15 am,Microsoft-Windows-Security-Auditing,4798,User Account Management,"A user's local group membership was enumerated.

Subject:
	Security ID:		PYLOGSIEM\Administrator
	Account Name:		Administrator
	Account Domain:		PYLOGSIEM
	Logon ID:		0x1CD8D0

User:
	Security ID:		WIN10-1\Administrator
	Account Name:		Administrator
	Account Domain:		WIN10-1

Process Information:
	Process ID:		0x1334
	Process Name:		C:\Windows\System32\mmc.exe"
Audit Success,22/10/2025 12:57:17 am,Microsoft-Windows-Security-Auditing,4798,User Account Management,"A user's local group membership was enumerated.

Subject:
	Security ID:		PYLOGSIEM\Administrator
	Account Name:		Administrator
	Account Domain:		PYLOGSIEM
	Logon ID:		0x1CD8D0

User:
	Security ID:		WIN10-1\Administrator
	Account Name:		Administrator
	Account Domain:		WIN10-1

Process Information:
	Process ID:		0x1334
	Process Name:		C:\Windows\System32\mmc.exe"
Audit Success,22/10/2025 12:57:18 am,Microsoft-Windows-Security-Auditing,4799,Security Group Management,"A security-enabled local group membership was enumerated.

Subject:
	Security ID:		SYSTEM
	Account Name:		WIN10-1$
	Account Domain:		PYLOGSIEM
	Logon ID:		0x3E7

Group:
	Security ID:		BUILTIN\Administrators
	Group Name:		Administrators
	Group Domain:		Builtin

Process Information:
	Process ID:		0x178
	Process Name:		C:\Windows\System32\svchost.exe"
Audit Success,22/10/2025 12:57:18 am,Microsoft-Windows-Security-Auditing,4799,Security Group Management,"A security-enabled local group membership was enumerated.

Subject:
	Security ID:		SYSTEM
	Account Name:		WIN10-1$
	Account Domain:		PYLOGSIEM
	Logon ID:		0x3E7

Group:
	Security ID:		BUILTIN\Backup Operators
	Group Name:		Backup Operators
	Group Domain:		Builtin

Process Information:
	Process ID:		0x178
	Process Name:		C:\Windows\System32\svchost.exe"
Audit Success,22/10/2025 12:57:19 am,Microsoft-Windows-Security-Auditing,5379,User Account Management,"Credential Manager credentials were read.

Subject:
	Security ID:		PYLOGSIEM\TestUser01
	Account Name:		TestUser01
	Account Domain:		PYLOGSIEM
	Logon ID:		0x60E6A
	Read Operation:		Enumerate Credentials

This event occurs when a user performs a read operation on stored credentials in Credential Manager."
Audit Success,22/10/2025 12:57:24 am,Microsoft-Windows-Security-Auditing,5379,User Account Management,"Credential Manager credentials were read.

Subject:
	Security ID:		PYLOGSIEM\TestUser01
	Account Name:		TestUser01
	Account Domain:		PYLOGSIEM
	Logon ID:		0x60E6A
	Read Operation:		Enumerate Credentials

This event occurs when a user performs a read operation on stored credentials in Credential Manager."
Audit Success,22/10/2025 3:14:15 pm,Microsoft-Windows-Security-Auditing,4688,Process Creation,"A new process has been created.

Creator Subject:
	Security ID:		SYSTEM
	Account Name:		-
	Account Domain:		-
	Logon ID:		0x3E7

Target Subject:
	Security ID:		NULL SID
	Account Name:		-
	Account Domain:		-
	Logon ID:		0x0

Process Information:
	New Process ID:		0x5c
	New Process Name:	Registry
	Token Elevation Type:	%%1936
	Mandatory Label:		Mandatory Label\System Mandatory Level
	Creator Process ID:	0x4
	Creator Process Name:	
	Process Command Line:	

Token Elevation Type indicates the type of token that was assigned to the new process in accordance with User Account Control policy.

Type 1 is a full token with no privileges removed or groups disabled.  A full token is only used if User Account Control is disabled or if the user is the built-in Administrator account or a service account.

Type 2 is an elevated token with no privileges removed or groups disabled.  An elevated token is used when User Account Control is enabled and the user chooses to start the program using Run as administrator.  An elevated token is also used when an application is configured to always require administrative privilege or to always require maximum privilege, and the user is a member of the Administrators group.

Type 3 is a limited token with administrative privileges removed and administrative groups disabled.  The limited token is used when User Account Control is enabled, the application does not require administrative privilege, and the user does not choose to start the program using Run as administrator."
Audit Success,22/10/2025 3:14:15 pm,Microsoft-Windows-Security-Auditing,4696,Process Creation,"A primary token was assigned to process.

Subject:
	Security ID:		SYSTEM
	Account Name:		-
	Account Domain:		-
	Logon ID:		0x3E7

Process Information:
	Process ID:	0x4
	Process Name:	

Target Process:
	Target Process ID:	0x5c
	Target Process Name:	Registry

New Token Information:
	Security ID:		NULL SID
	Account Name:		-
	Account Domain:		-
	Logon ID:		0x3E7"
Audit Success,22/10/2025 3:14:15 pm,Microsoft-Windows-Security-Auditing,4826,Other Policy Change Events,"Boot Configuration Data loaded.

Subject:
	Security ID:		SYSTEM
	Account Name:		-
	Account Domain:		-
	Logon ID:		0x3E7

General Settings:
	Load Options:		-
	Advanced Options:		No
	Configuration Access Policy:	Default
	System Event Logging:	No
	Kernel Debugging:	No
	VSM Launch Type:	Off

Signature Settings:
	Test Signing:		No
	Flight Signing:		No
	Disable Integrity Checks:	No

HyperVisor Settings:
	HyperVisor Load Options:	-
	HyperVisor Launch Type:	Off
	HyperVisor Debugging:	No"
Audit Success,22/10/2025 3:14:15 pm,Microsoft-Windows-Security-Auditing,4688,Process Creation,"A new process has been created.

Creator Subject:
	Security ID:		SYSTEM
	Account Name:		-
	Account Domain:		-
	Logon ID:		0x3E7

Target Subject:
	Security ID:		NULL SID
	Account Name:		-
	Account Domain:		-
	Logon ID:		0x0

Process Information:
	New Process ID:		0x154
	New Process Name:	C:\Windows\System32\smss.exe
	Token Elevation Type:	%%1936
	Mandatory Label:		Mandatory Label\System Mandatory Level
	Creator Process ID:	0x4
	Creator Process Name:	
	Process Command Line:	

Token Elevation Type indicates the type of token that was assigned to the new process in accordance with User Account Control policy.

Type 1 is a full token with no privileges removed or groups disabled.  A full token is only used if User Account Control is disabled or if the user is the built-in Administrator account or a service account.

Type 2 is an elevated token with no privileges removed or groups disabled.  An elevated token is used when User Account Control is enabled and the user chooses to start the program using Run as administrator.  An elevated token is also used when an application is configured to always require administrative privilege or to always require maximum privilege, and the user is a member of the Administrators group.

Type 3 is a limited token with administrative privileges removed and administrative groups disabled.  The limited token is used when User Account Control is enabled, the application does not require administrative privilege, and the user does not choose to start the program using Run as administrator."
Audit Success,22/10/2025 3:14:16 pm,Microsoft-Windows-Security-Auditing,4688,Process Creation,"A new process has been created.

Creator Subject:
	Security ID:		SYSTEM
	Account Name:		-
	Account Domain:		-
	Logon ID:		0x3E7

Target Subject:
	Security ID:		NULL SID
	Account Name:		-
	Account Domain:		-
	Logon ID:		0x0

Process Information:
	New Process ID:		0x164
	New Process Name:	C:\Windows\System32\autochk.exe
	Token Elevation Type:	%%1936
	Mandatory Label:		Mandatory Label\System Mandatory Level
	Creator Process ID:	0x154
	Creator Process Name:	C:\Windows\System32\smss.exe
	Process Command Line:	

Token Elevation Type indicates the type of token that was assigned to the new process in accordance with User Account Control policy.

Type 1 is a full token with no privileges removed or groups disabled.  A full token is only used if User Account Control is disabled or if the user is the built-in Administrator account or a service account.

Type 2 is an elevated token with no privileges removed or groups disabled.  An elevated token is used when User Account Control is enabled and the user chooses to start the program using Run as administrator.  An elevated token is also used when an application is configured to always require administrative privilege or to always require maximum privilege, and the user is a member of the Administrators group.

Type 3 is a limited token with administrative privileges removed and administrative groups disabled.  The limited token is used when User Account Control is enabled, the application does not require administrative privilege, and the user does not choose to start the program using Run as administrator."
Audit Success,22/10/2025 3:14:17 pm,Microsoft-Windows-Security-Auditing,4688,Process Creation,"A new process has been created.

Creator Subject:
	Security ID:		SYSTEM
	Account Name:		-
	Account Domain:		-
	Logon ID:		0x3E7

Target Subject:
	Security ID:		NULL SID
	Account Name:		-
	Account Domain:		-
	Logon ID:		0x0

Process Information:
	New Process ID:		0x1a0
	New Process Name:	C:\Windows\System32\setupcl.exe
	Token Elevation Type:	%%1936
	Mandatory Label:		Mandatory Label\System Mandatory Level
	Creator Process ID:	0x154
	Creator Process Name:	C:\Windows\System32\smss.exe
	Process Command Line:	

Token Elevation Type indicates the type of token that was assigned to the new process in accordance with User Account Control policy.

Type 1 is a full token with no privileges removed or groups disabled.  A full token is only used if User Account Control is disabled or if the user is the built-in Administrator account or a service account.

Type 2 is an elevated token with no privileges removed or groups disabled.  An elevated token is used when User Account Control is enabled and the user chooses to start the program using Run as administrator.  An elevated token is also used when an application is configured to always require administrative privilege or to always require maximum privilege, and the user is a member of the Administrators group.

Type 3 is a limited token with administrative privileges removed and administrative groups disabled.  The limited token is used when User Account Control is enabled, the application does not require administrative privilege, and the user does not choose to start the program using Run as administrator."
Audit Success,22/10/2025 3:14:17 pm,Microsoft-Windows-Security-Auditing,4688,Process Creation,"A new process has been created.

Creator Subject:
	Security ID:		SYSTEM
	Account Name:		-
	Account Domain:		-
	Logon ID:		0x3E7

Target Subject:
	Security ID:		NULL SID
	Account Name:		-
	Account Domain:		-
	Logon ID:		0x0

Process Information:
	New Process ID:		0x1b4
	New Process Name:	C:\Windows\System32\smss.exe
	Token Elevation Type:	%%1936
	Mandatory Label:		Mandatory Label\System Mandatory Level
	Creator Process ID:	0x154
	Creator Process Name:	C:\Windows\System32\smss.exe
	Process Command Line:	

Token Elevation Type indicates the type of token that was assigned to the new process in accordance with User Account Control policy.

Type 1 is a full token with no privileges removed or groups disabled.  A full token is only used if User Account Control is disabled or if the user is the built-in Administrator account or a service account.

Type 2 is an elevated token with no privileges removed or groups disabled.  An elevated token is used when User Account Control is enabled and the user chooses to start the program using Run as administrator.  An elevated token is also used when an application is configured to always require administrative privilege or to always require maximum privilege, and the user is a member of the Administrators group.

Type 3 is a limited token with administrative privileges removed and administrative groups disabled.  The limited token is used when User Account Control is enabled, the application does not require administrative privilege, and the user does not choose to start the program using Run as administrator."
Audit Success,22/10/2025 3:14:17 pm,Microsoft-Windows-Security-Auditing,4688,Process Creation,"A new process has been created.

Creator Subject:
	Security ID:		SYSTEM
	Account Name:		-
	Account Domain:		-
	Logon ID:		0x3E7

Target Subject:
	Security ID:		NULL SID
	Account Name:		-
	Account Domain:		-
	Logon ID:		0x0

Process Information:
	New Process ID:		0x1c0
	New Process Name:	C:\Windows\System32\csrss.exe
	Token Elevation Type:	%%1936
	Mandatory Label:		Mandatory Label\System Mandatory Level
	Creator Process ID:	0x1b4
	Creator Process Name:	C:\Windows\System32\smss.exe
	Process Command Line:	

Token Elevation Type indicates the type of token that was assigned to the new process in accordance with User Account Control policy.

Type 1 is a full token with no privileges removed or groups disabled.  A full token is only used if User Account Control is disabled or if the user is the built-in Administrator account or a service account.

Type 2 is an elevated token with no privileges removed or groups disabled.  An elevated token is used when User Account Control is enabled and the user chooses to start the program using Run as administrator.  An elevated token is also used when an application is configured to always require administrative privilege or to always require maximum privilege, and the user is a member of the Administrators group.

Type 3 is a limited token with administrative privileges removed and administrative groups disabled.  The limited token is used when User Account Control is enabled, the application does not require administrative privilege, and the user does not choose to start the program using Run as administrator."
Audit Success,22/10/2025 3:14:18 pm,Microsoft-Windows-Security-Auditing,4688,Process Creation,"A new process has been created.

Creator Subject:
	Security ID:		SYSTEM
	Account Name:		-
	Account Domain:		-
	Logon ID:		0x3E7

Target Subject:
	Security ID:		NULL SID
	Account Name:		-
	Account Domain:		-
	Logon ID:		0x0

Process Information:
	New Process ID:		0x1fc
	New Process Name:	C:\Windows\System32\smss.exe
	Token Elevation Type:	%%1936
	Mandatory Label:		Mandatory Label\System Mandatory Level
	Creator Process ID:	0x154
	Creator Process Name:	C:\Windows\System32\smss.exe
	Process Command Line:	

Token Elevation Type indicates the type of token that was assigned to the new process in accordance with User Account Control policy.

Type 1 is a full token with no privileges removed or groups disabled.  A full token is only used if User Account Control is disabled or if the user is the built-in Administrator account or a service account.

Type 2 is an elevated token with no privileges removed or groups disabled.  An elevated token is used when User Account Control is enabled and the user chooses to start the program using Run as administrator.  An elevated token is also used when an application is configured to always require administrative privilege or to always require maximum privilege, and the user is a member of the Administrators group.

Type 3 is a limited token with administrative privileges removed and administrative groups disabled.  The limited token is used when User Account Control is enabled, the application does not require administrative privilege, and the user does not choose to start the program using Run as administrator."
Audit Success,22/10/2025 3:14:18 pm,Microsoft-Windows-Security-Auditing,4688,Process Creation,"A new process has been created.

Creator Subject:
	Security ID:		SYSTEM
	Account Name:		-
	Account Domain:		-
	Logon ID:		0x3E7

Target Subject:
	Security ID:		NULL SID
	Account Name:		-
	Account Domain:		-
	Logon ID:		0x0

Process Information:
	New Process ID:		0x204
	New Process Name:	C:\Windows\System32\wininit.exe
	Token Elevation Type:	%%1936
	Mandatory Label:		Mandatory Label\System Mandatory Level
	Creator Process ID:	0x1b4
	Creator Process Name:	C:\Windows\System32\smss.exe
	Process Command Line:	

Token Elevation Type indicates the type of token that was assigned to the new process in accordance with User Account Control policy.

Type 1 is a full token with no privileges removed or groups disabled.  A full token is only used if User Account Control is disabled or if the user is the built-in Administrator account or a service account.

Type 2 is an elevated token with no privileges removed or groups disabled.  An elevated token is used when User Account Control is enabled and the user chooses to start the program using Run as administrator.  An elevated token is also used when an application is configured to always require administrative privilege or to always require maximum privilege, and the user is a member of the Administrators group.

Type 3 is a limited token with administrative privileges removed and administrative groups disabled.  The limited token is used when User Account Control is enabled, the application does not require administrative privilege, and the user does not choose to start the program using Run as administrator."
Audit Success,22/10/2025 3:14:18 pm,Microsoft-Windows-Security-Auditing,4688,Process Creation,"A new process has been created.

Creator Subject:
	Security ID:		SYSTEM
	Account Name:		-
	Account Domain:		-
	Logon ID:		0x3E7

Target Subject:
	Security ID:		NULL SID
	Account Name:		-
	Account Domain:		-
	Logon ID:		0x0

Process Information:
	New Process ID:		0x20c
	New Process Name:	C:\Windows\System32\csrss.exe
	Token Elevation Type:	%%1936
	Mandatory Label:		Mandatory Label\System Mandatory Level
	Creator Process ID:	0x1fc
	Creator Process Name:	C:\Windows\System32\smss.exe
	Process Command Line:	

Token Elevation Type indicates the type of token that was assigned to the new process in accordance with User Account Control policy.

Type 1 is a full token with no privileges removed or groups disabled.  A full token is only used if User Account Control is disabled or if the user is the built-in Administrator account or a service account.

Type 2 is an elevated token with no privileges removed or groups disabled.  An elevated token is used when User Account Control is enabled and the user chooses to start the program using Run as administrator.  An elevated token is also used when an application is configured to always require administrative privilege or to always require maximum privilege, and the user is a member of the Administrators group.

Type 3 is a limited token with administrative privileges removed and administrative groups disabled.  The limited token is used when User Account Control is enabled, the application does not require administrative privilege, and the user does not choose to start the program using Run as administrator."
Audit Success,22/10/2025 3:14:18 pm,Microsoft-Windows-Security-Auditing,4688,Process Creation,"A new process has been created.

Creator Subject:
	Security ID:		SYSTEM
	Account Name:		-
	Account Domain:		-
	Logon ID:		0x3E7

Target Subject:
	Security ID:		NULL SID
	Account Name:		-
	Account Domain:		-
	Logon ID:		0x0

Process Information:
	New Process ID:		0x260
	New Process Name:	C:\Windows\System32\winlogon.exe
	Token Elevation Type:	%%1936
	Mandatory Label:		Mandatory Label\System Mandatory Level
	Creator Process ID:	0x1fc
	Creator Process Name:	C:\Windows\System32\smss.exe
	Process Command Line:	

Token Elevation Type indicates the type of token that was assigned to the new process in accordance with User Account Control policy.

Type 1 is a full token with no privileges removed or groups disabled.  A full token is only used if User Account Control is disabled or if the user is the built-in Administrator account or a service account.

Type 2 is an elevated token with no privileges removed or groups disabled.  An elevated token is used when User Account Control is enabled and the user chooses to start the program using Run as administrator.  An elevated token is also used when an application is configured to always require administrative privilege or to always require maximum privilege, and the user is a member of the Administrators group.

Type 3 is a limited token with administrative privileges removed and administrative groups disabled.  The limited token is used when User Account Control is enabled, the application does not require administrative privilege, and the user does not choose to start the program using Run as administrator."
Audit Success,22/10/2025 3:14:18 pm,Microsoft-Windows-Security-Auditing,4688,Process Creation,"A new process has been created.

Creator Subject:
	Security ID:		SYSTEM
	Account Name:		-
	Account Domain:		-
	Logon ID:		0x3E7

Target Subject:
	Security ID:		NULL SID
	Account Name:		-
	Account Domain:		-
	Logon ID:		0x0

Process Information:
	New Process ID:		0x290
	New Process Name:	C:\Windows\System32\services.exe
	Token Elevation Type:	%%1936
	Mandatory Label:		Mandatory Label\System Mandatory Level
	Creator Process ID:	0x204
	Creator Process Name:	C:\Windows\System32\wininit.exe
	Process Command Line:	

Token Elevation Type indicates the type of token that was assigned to the new process in accordance with User Account Control policy.

Type 1 is a full token with no privileges removed or groups disabled.  A full token is only used if User Account Control is disabled or if the user is the built-in Administrator account or a service account.

Type 2 is an elevated token with no privileges removed or groups disabled.  An elevated token is used when User Account Control is enabled and the user chooses to start the program using Run as administrator.  An elevated token is also used when an application is configured to always require administrative privilege or to always require maximum privilege, and the user is a member of the Administrators group.

Type 3 is a limited token with administrative privileges removed and administrative groups disabled.  The limited token is used when User Account Control is enabled, the application does not require administrative privilege, and the user does not choose to start the program using Run as administrator."
Audit Success,22/10/2025 3:14:18 pm,Microsoft-Windows-Security-Auditing,4688,Process Creation,"A new process has been created.

Creator Subject:
	Security ID:		SYSTEM
	Account Name:		-
	Account Domain:		-
	Logon ID:		0x3E7

Target Subject:
	Security ID:		NULL SID
	Account Name:		-
	Account Domain:		-
	Logon ID:		0x0

Process Information:
	New Process ID:		0x2a4
	New Process Name:	C:\Windows\System32\lsass.exe
	Token Elevation Type:	%%1936
	Mandatory Label:		Mandatory Label\System Mandatory Level
	Creator Process ID:	0x204
	Creator Process Name:	C:\Windows\System32\wininit.exe
	Process Command Line:	

Token Elevation Type indicates the type of token that was assigned to the new process in accordance with User Account Control policy.

Type 1 is a full token with no privileges removed or groups disabled.  A full token is only used if User Account Control is disabled or if the user is the built-in Administrator account or a service account.

Type 2 is an elevated token with no privileges removed or groups disabled.  An elevated token is used when User Account Control is enabled and the user chooses to start the program using Run as administrator.  An elevated token is also used when an application is configured to always require administrative privilege or to always require maximum privilege, and the user is a member of the Administrators group.

Type 3 is a limited token with administrative privileges removed and administrative groups disabled.  The limited token is used when User Account Control is enabled, the application does not require administrative privilege, and the user does not choose to start the program using Run as administrator."
Audit Success,22/10/2025 3:14:18 pm,Microsoft-Windows-Security-Auditing,4608,Security State Change,"Windows is starting up.

This event is logged when LSASS.EXE starts and the auditing subsystem is initialized."
Audit Success,22/10/2025 3:14:18 pm,Microsoft-Windows-Security-Auditing,4624,Logon,"An account was successfully logged on.

Subject:
	Security ID:		NULL SID
	Account Name:		-
	Account Domain:		-
	Logon ID:		0x0

Logon Information:
	Logon Type:		0
	Restricted Admin Mode:	-
	Virtual Account:		No
	Elevated Token:		Yes

Impersonation Level:		-

New Logon:
	Security ID:		SYSTEM
	Account Name:		SYSTEM
	Account Domain:		NT AUTHORITY
	Logon ID:		0x3E7
	Linked Logon ID:		0x0
	Network Account Name:	-
	Network Account Domain:	-
	Logon GUID:		{00000000-0000-0000-0000-000000000000}

Process Information:
	Process ID:		0x4
	Process Name:		

Network Information:
	Workstation Name:	-
	Source Network Address:	-
	Source Port:		-

Detailed Authentication Information:
	Logon Process:		-
	Authentication Package:	-
	Transited Services:	-
	Package Name (NTLM only):	-
	Key Length:		0

This event is generated when a logon session is created. It is generated on the computer that was accessed.

The subject fields indicate the account on the local system which requested the logon. This is most commonly a service such as the Server service, or a local process such as Winlogon.exe or Services.exe.

The logon type field indicates the kind of logon that occurred. The most common types are 2 (interactive) and 3 (network).

The New Logon fields indicate the account for whom the new logon was created, i.e. the account that was logged on.

The network fields indicate where a remote logon request originated. Workstation name is not always available and may be left blank in some cases.

The impersonation level field indicates the extent to which a process in the logon session can impersonate.

The authentication information fields provide detailed information about this specific logon request.
	- Logon GUID is a unique identifier that can be used to correlate this event with a KDC event.
	- Transited services indicate which intermediate services have participated in this logon request.
	- Package name indicates which sub-protocol was used among the NTLM protocols.
	- Key length indicates the length of the generated session key. This will be 0 if no session key was requested."
Audit Success,22/10/2025 3:14:18 pm,Microsoft-Windows-Security-Auditing,4902,Audit Policy Change,"The Per-user audit policy table was created.

Number of Elements:	0
Policy ID:	0x18DC7"
Audit Success,22/10/2025 3:14:18 pm,Microsoft-Windows-Security-Auditing,4717,Authentication Policy Change,"System security access was granted to an account.

Subject:
	Security ID:		SYSTEM
	Account Name:		MINWINPC$
	Account Domain:		
	Logon ID:		0x3E7

Account Modified:
	Account Name:		NT SERVICE\autotimesvc

Access Granted:
	Access Right:		SeServiceLogonRight"
Audit Success,22/10/2025 3:14:18 pm,Microsoft-Windows-Security-Auditing,4731,Security Group Management,"A security-enabled local group was created.

Subject:
	Security ID:		SYSTEM
	Account Name:		MINWINPC$
	Account Domain:		
	Logon ID:		0x3E7

New Group:
	Security ID:		BUILTIN\Remote Desktop Users
	Group Name:		Remote Desktop Users
	Group Domain:		Builtin

Attributes:
	SAM Account Name:	Remote Desktop Users
	SID History:		-

Additional Information:
	Privileges:		-"
Audit Success,22/10/2025 3:14:18 pm,Microsoft-Windows-Security-Auditing,4735,Security Group Management,"A security-enabled local group was changed.

Subject:
	Security ID:		SYSTEM
	Account Name:		MINWINPC$
	Account Domain:		
	Logon ID:		0x3E7

Group:
	Security ID:		BUILTIN\Remote Desktop Users
	Group Name:		Remote Desktop Users
	Group Domain:		Builtin

Changed Attributes:
	SAM Account Name:	-
	SID History:		-

Additional Information:
	Privileges:		-"
Audit Success,22/10/2025 3:14:18 pm,Microsoft-Windows-Security-Auditing,4731,Security Group Management,"A security-enabled local group was created.

Subject:
	Security ID:		SYSTEM
	Account Name:		MINWINPC$
	Account Domain:		
	Logon ID:		0x3E7

New Group:
	Security ID:		BUILTIN\Network Configuration Operators
	Group Name:		Network Configuration Operators
	Group Domain:		Builtin

Attributes:
	SAM Account Name:	Network Configuration Operators
	SID History:		-

Additional Information:
	Privileges:		-"
Audit Success,22/10/2025 3:14:18 pm,Microsoft-Windows-Security-Auditing,4735,Security Group Management,"A security-enabled local group was changed.

Subject:
	Security ID:		SYSTEM
	Account Name:		MINWINPC$
	Account Domain:		
	Logon ID:		0x3E7

Group:
	Security ID:		BUILTIN\Network Configuration Operators
	Group Name:		Network Configuration Operators
	Group Domain:		Builtin

Changed Attributes:
	SAM Account Name:	-
	SID History:		-

Additional Information:
	Privileges:		-"
